#
# A fatal error has been detected by the Java Runtime Environment:
#
#  EXCEPTION_ACCESS_VIOLATION (0xc0000005) at pc=0x00007ff86d37682c, pid=20828, tid=13144
#
# JRE version: OpenJDK Runtime Environment (20.0.1+9) (build 20.0.1+9-29)
# Java VM: OpenJDK 64-Bit Server VM (20.0.1+9-29, mixed mode, sharing, tiered, compressed oops, compressed class ptrs, g1 gc, windows-amd64)
# Problematic frame:
# C  [jdwp.dll+0x2682c]
#
# No core dump will be written. Minidumps are not enabled by default on client versions of Windows
#
# If you would like to submit a bug report, please visit:
#   https://bugreport.java.com/bugreport/crash.jsp
# The crash happened outside the Java Virtual Machine in native code.
# See problematic frame for where to report the bug.
#

---------------  S U M M A R Y ------------

Command Line: -agentlib:jdwp=transport=dt_socket,address=127.0.0.1:56406,suspend=y,server=n -javaagent:C:\Users\Tony\AppData\Local\JetBrains\IdeaIC2023.1\captureAgent\debugger-agent.jar -Dfile.encoding=UTF-8 -Dsun.stdout.encoding=UTF-8 -Dsun.stderr.encoding=UTF-8 javaTetris

Host: AMD Ryzen 5 1400 Quad-Core Processor           , 8 cores, 15G,  Windows 10 , 64 bit Build 19041 (10.0.19041.2913)
Time: Sun Jun 11 01:40:03 2023 AUS Eastern Standard Time elapsed time: 1.110678 seconds (0d 0h 0m 1s)

---------------  T H R E A D  ---------------

Current thread (0x00000152dbf9e0b0):  JavaThread "main" [_thread_in_native, id=13144, stack(0x000000065ab00000,0x000000065ac00000)]

Stack: [0x000000065ab00000,0x000000065ac00000],  sp=0x000000065abfe868,  free space=1018k
Native frames: (J=compiled Java code, j=interpreted, Vv=VM code, C=native code)
C  [jdwp.dll+0x2682c]

Java frames: (J=compiled Java code, j=interpreted, Vv=VM code)
j  org.lwjgl.glfw.GLFW.glfwInit()Z+0
j  bagel.AbstractGame.<clinit>()V+19
v  ~StubRoutines::call_stub 0x00000152eb59100d

siginfo: EXCEPTION_ACCESS_VIOLATION (0xc0000005), reading address 0xffffffffffffffff


Registers:
RAX=0x00000152ff9f0630, RBX=0x00000152d9ee4970, RCX=0x00000152dbf9e390, RDX=0x00000152d9ee4970
RSP=0x000000065abfe868, RBP=0x0000000000000002, RSI=0x000000065abfe910, RDI=0x00000152dbf9e390
R8 =0x0000000000010002, R9 =0x0000000000000000, R10=0x00007ff874c90000, R11=0x000000065abfe838
R12=0x0000000000000007, R13=0x00000152dbf8a320, R14=0x00007ff86d380300, R15=0x0000000000000000
RIP=0x00007ff86d37682c, EFLAGS=0x0000000000010206


Register to memory mapping:

RIP=0x00007ff86d37682c jdwp.dll
RAX=0x00000152ff9f0630 points into unknown readable memory: 0x0000000000000000 | 00 00 00 00 00 00 00 00
RBX=0x00000152d9ee4970 points into unknown readable memory: 0x0000000710809a80 | 80 9a 80 10 07 00 00 00
RCX=0x00000152dbf9e390 points into unknown readable memory: 0x00000152ff9f0630 | 30 06 9f ff 52 01 00 00
RDX=0x00000152d9ee4970 points into unknown readable memory: 0x0000000710809a80 | 80 9a 80 10 07 00 00 00
RSP=0x000000065abfe868 is pointing into the stack for thread: 0x00000152dbf9e0b0
RBP=0x0000000000000002 is an unknown value
RSI=0x000000065abfe910 is pointing into the stack for thread: 0x00000152dbf9e0b0
RDI=0x00000152dbf9e390 points into unknown readable memory: 0x00000152ff9f0630 | 30 06 9f ff 52 01 00 00
R8 =0x0000000000010002 is an unknown value
R9 =0x0 is NULL
R10=0x00007ff874c90000 VCRUNTIME140.dll
R11=0x000000065abfe838 is pointing into the stack for thread: 0x00000152dbf9e0b0
R12=0x0000000000000007 is an unknown value
R13=0x00000152dbf8a320 points into unknown readable memory: 0x00007ff82272e370 | 70 e3 72 22 f8 7f 00 00
R14=0x00007ff86d380300 jdwp.dll
R15=0x0 is NULL


Top of Stack: (sp=0x000000065abfe868)
0x000000065abfe868:   00007ff86d36611f 00000152d9ee4970
0x000000065abfe878:   000000065abfe910 0000000000000000
0x000000065abfe888:   0000000000000000 00007ff8227220b0
0x000000065abfe898:   0000000000003358 00000152d9ebcc28
0x000000065abfe8a8:   00007ff86d380348 00000152d9ee4970
0x000000065abfe8b8:   00007ff86d36279f 00000152d9ee4970
0x000000065abfe8c8:   0000000000000002 00000152dbf9e390
0x000000065abfe8d8:   00000152d9ee4978 000000065abfea70
0x000000065abfe8e8:   00007ff82217d4cd 00000008010153cc
0x000000065abfe8f8:   000000065abfea70 000000065abfea70
0x000000065abfe908:   00007ff8222711ef 0000000000000007
0x000000065abfe918:   00000152d9ee4970 0000000000000000
0x000000065abfe928:   00000152d9ee4978 0000000000000000
0x000000065abfe938:   0000000000000000 0000000000000000
0x000000065abfe948:   0000000000000000 0000000000000000
0x000000065abfe958:   0000000000000000 0000000000000000
0x000000065abfe968:   00000152d9ee4970 0000000801015328
0x000000065abfe978:   00007ff822158f85 00000152d9ee4978
0x000000065abfe988:   00000152ff8d3570 00000152dbf9e0b0
0x000000065abfe998:   00007ff82217e6f5 00000152d9ebcbe8
0x000000065abfe9a8:   00007ff821fa8a26 0000000000000000
0x000000065abfe9b8:   00000152dbf987e0 00000152dbf9e0b0
0x000000065abfe9c8:   000000080060e218 00000152d9f9baa0
0x000000065abfe9d8:   00000152dbf9e600 00000152dbf9e610
0x000000065abfe9e8:   00000152dbf9e9e8 00000000000003d8
0x000000065abfe9f8:   00000152dbf9e0b0 00000152dbf9e0b0
0x000000065abfea08:   00000152d9f9bb60 00000152d9ebcd50
0x000000065abfea18:   00000152d9ebcd80 00000152d9ebce38
0x000000065abfea28:   00000000000000d8 000000065abfea40
0x000000065abfea38:   000000065abfeb70 00000152dbf9e0b0
0x000000065abfea48:   00000152d9f9bb60 00000152d9ebcd50
0x000000065abfea58:   00000152d9ebcd80 00000152d9ebce38 

Instructions: (pc=0x00007ff86d37682c)
0x00007ff86d37672c:   05 ff 09 01 00 48 8b 03 48 8b d7 4d 8b 40 30 48
0x00007ff86d37673c:   8b cb 48 8b 5c 24 30 48 83 c4 20 5f 48 ff a0 00
0x00007ff86d37674c:   01 00 00 cc 48 89 5c 24 08 57 48 83 ec 20 48 8b
0x00007ff86d37675c:   f9 e8 f2 ea ff ff 4c 8b 05 c7 09 01 00 48 8b d8
0x00007ff86d37676c:   41 f6 80 10 02 00 00 02 74 33 41 b8 1f 06 00 00
0x00007ff86d37677c:   48 8d 15 e5 c3 00 00 48 8d 0d 7a 5c 00 00 e8 71
0x00007ff86d37678c:   49 ff ff 48 8d 15 62 9a 00 00 48 8d 0d 7b 5c 00
0x00007ff86d37679c:   00 e8 06 4a ff ff 4c 8b 05 87 09 01 00 48 8b 03
0x00007ff86d3767ac:   48 8b d7 4d 8b 40 38 48 8b cb 48 8b 5c 24 30 48
0x00007ff86d3767bc:   83 c4 20 5f 48 ff a0 00 01 00 00 cc 48 89 5c 24
0x00007ff86d3767cc:   08 57 48 83 ec 20 48 8b f9 e8 7a ea ff ff 48 8b
0x00007ff86d3767dc:   15 4f 09 01 00 48 8b d8 f6 82 10 02 00 00 02 74
0x00007ff86d3767ec:   2c 41 b8 11 06 00 00 48 8d 15 6e c3 00 00 48 8d
0x00007ff86d3767fc:   0d 03 5c 00 00 e8 fa 48 ff ff 48 8d 15 e3 6c 00
0x00007ff86d37680c:   00 48 8d 0d 04 5c 00 00 e8 8f 49 ff ff 48 8b 03
0x00007ff86d37681c:   48 8b d7 48 8b cb 48 8b 5c 24 30 48 83 c4 20 5f
0x00007ff86d37682c:   48 ff a0 50 07 00 00 cc 48 89 5c 24 08 48 89 74
0x00007ff86d37683c:   24 10 48 89 7c 24 18 41 56 48 83 ec 20 4c 63 f2
0x00007ff86d37684c:   49 8b d8 48 8b d1 41 8b f9 48 8b cb 4d 8d 46 ff
0x00007ff86d37685c:   ff 15 0e 5a 00 00 85 c0 75 3c 41 0f be 44 1e ff
0x00007ff86d37686c:   3b c7 75 32 49 03 de eb 10 0f be c8 ff 15 e2 59
0x00007ff86d37687c:   00 00 85 c0 74 09 48 ff c3 8a 03 84 c0 75 ea 80
0x00007ff86d37688c:   3b 3b 74 12 8b d7 48 8b cb e8 78 4a 00 00 48 85
0x00007ff86d37689c:   c0 0f 94 c0 eb 02 32 c0 48 8b 5c 24 30 48 8b 74
0x00007ff86d3768ac:   24 38 48 8b 7c 24 40 48 83 c4 20 41 5e c3 cc cc
0x00007ff86d3768bc:   0f b6 d1 83 fa 1e 0f 87 83 00 00 00 74 7b 83 fa
0x00007ff86d3768cc:   07 77 41 74 39 83 ea 01 74 2e 83 ea 01 74 23 83
0x00007ff86d3768dc:   ea 01 74 18 83 ea 01 74 0d 83 fa 02 0f 85 8a 00
0x00007ff86d3768ec:   00 00 8d 42 03 c3 b8 04 00 00 00 c3 b8 03 00 00
0x00007ff86d3768fc:   00 c3 b8 02 00 00 00 c3 b8 01 00 00 00 c3 b8 06
0x00007ff86d37690c:   00 00 00 c3 b8 08 00 00 00 2b d0 74 26 83 ea 01
0x00007ff86d37691c:   0f 84 88 00 00 00 83 ea 01 74 12 b8 0a 00 00 00 


Stack slot to memory mapping:
stack at sp + 0 slots: 0x00007ff86d36611f jdwp.dll
stack at sp + 1 slots: 0x00000152d9ee4970 points into unknown readable memory: 0x0000000710809a80 | 80 9a 80 10 07 00 00 00
stack at sp + 2 slots: 0x000000065abfe910 is pointing into the stack for thread: 0x00000152dbf9e0b0
stack at sp + 3 slots: 0x0 is NULL
stack at sp + 4 slots: 0x0 is NULL
stack at sp + 5 slots: 0x00007ff8227220b0 jvm.dll
stack at sp + 6 slots: 0x0000000000003358 is an unknown value
stack at sp + 7 slots: 0x00000152d9ebcc28 points into unknown readable memory: 0x8000000400000001 | 01 00 00 00 04 00 00 80


---------------  P R O C E S S  ---------------

Threads class SMR info:
_java_thread_list=0x00000152ffa45930, length=14, elements={
0x00000152dbf9e0b0, 0x00000152fb5a3b80, 0x00000152fb5a4b20, 0x00000152fb5a7370,
0x00000152fb5ab5e0, 0x00000152fb5af880, 0x00000152fb5b2b10, 0x00000152fb5b75c0,
0x00000152fb5d4cb0, 0x00000152fb56f1f0, 0x00000152ff9b13b0, 0x00000152ff979680,
0x00000152ff97bbf0, 0x00000152ff996c00
}

Java Threads: ( => current thread )
=>0x00000152dbf9e0b0 JavaThread "main" [_thread_in_native, id=13144, stack(0x000000065ab00000,0x000000065ac00000)]
  0x00000152fb5a3b80 JavaThread "Reference Handler" daemon [_thread_blocked, id=20204, stack(0x000000065b200000,0x000000065b300000)]
  0x00000152fb5a4b20 JavaThread "Finalizer" daemon [_thread_blocked, id=14796, stack(0x000000065b300000,0x000000065b400000)]
  0x00000152fb5a7370 JavaThread "Signal Dispatcher" daemon [_thread_blocked, id=18600, stack(0x000000065b400000,0x000000065b500000)]
  0x00000152fb5ab5e0 JavaThread "Attach Listener" daemon [_thread_blocked, id=11860, stack(0x000000065b500000,0x000000065b600000)]
  0x00000152fb5af880 JavaThread "Service Thread" daemon [_thread_blocked, id=16680, stack(0x000000065b600000,0x000000065b700000)]
  0x00000152fb5b2b10 JavaThread "Monitor Deflation Thread" daemon [_thread_blocked, id=18040, stack(0x000000065b700000,0x000000065b800000)]
  0x00000152fb5b75c0 JavaThread "C2 CompilerThread0" daemon [_thread_blocked, id=19736, stack(0x000000065b800000,0x000000065b900000)]
  0x00000152fb5d4cb0 JavaThread "C1 CompilerThread0" daemon [_thread_blocked, id=16700, stack(0x000000065b900000,0x000000065ba00000)]
  0x00000152fb56f1f0 JavaThread "Common-Cleaner" daemon [_thread_blocked, id=19004, stack(0x000000065ba00000,0x000000065bb00000)]
  0x00000152ff9b13b0 JavaThread "JDWP Transport Listener: dt_socket" daemon [_thread_blocked, id=1008, stack(0x000000065bb00000,0x000000065bc00000)]
  0x00000152ff979680 JavaThread "JDWP Event Helper Thread" daemon [_thread_blocked, id=7660, stack(0x000000065bc00000,0x000000065bd00000)]
  0x00000152ff97bbf0 JavaThread "JDWP Command Reader" daemon [_thread_in_native, id=11568, stack(0x000000065bd00000,0x000000065be00000)]
  0x00000152ff996c00 JavaThread "Notification Thread" daemon [_thread_blocked, id=20992, stack(0x000000065be00000,0x000000065bf00000)]

Other Threads:
  0x00000152fb585920 VMThread "VM Thread" [stack: 0x000000065b100000,0x000000065b200000] [id=216]
  0x00000152ff997150 WatcherThread "VM Periodic Task Thread" [stack: 0x000000065bf00000,0x000000065c000000] [id=5952]
  0x00000152dc00e3c0 WorkerThread "GC Thread#0" [stack: 0x000000065ac00000,0x000000065ad00000] [id=10204]
  0x00000152dc01f3c0 ConcurrentGCThread "G1 Main Marker" [stack: 0x000000065ad00000,0x000000065ae00000] [id=18816]
  0x00000152dc0215a0 WorkerThread "G1 Conc#0" [stack: 0x000000065ae00000,0x000000065af00000] [id=15212]
  0x00000152fb4354f0 ConcurrentGCThread "G1 Refine#0" [stack: 0x000000065af00000,0x000000065b000000] [id=19900]
  0x00000152fb436db0 ConcurrentGCThread "G1 Service" [stack: 0x000000065b000000,0x000000065b100000] [id=19032]

Threads with active compile tasks:

VM state: not at safepoint (normal execution)

VM Mutex/Monitor currently owned by a thread: None

Heap address: 0x0000000700a00000, size: 4086 MB, Compressed Oops mode: Zero based, Oop shift amount: 3

CDS archive(s) mapped at: [0x0000000800000000-0x0000000800c60000-0x0000000800c60000), size 12976128, SharedBaseAddress: 0x0000000800000000, ArchiveRelocationMode: 0.
Compressed class space mapped at: 0x0000000801000000-0x0000000841000000, reserved size: 1073741824
Narrow klass base: 0x0000000800000000, Narrow klass shift: 0, Narrow klass range: 0x100000000

GC Precious Log:
 CardTable entry size: 512
 Card Set container configuration: InlinePtr #cards 4 size 8 Array Of Cards #cards 16 size 48 Howl #buckets 8 coarsen threshold 3686 Howl Bitmap #cards 512 size 80 coarsen threshold 460 Card regions per heap region 1 cards per card region 4096
 CPUs: 8 total, 8 available
 Memory: 16336M
 Large Page Support: Disabled
 NUMA Support: Disabled
 Compressed Oops: Enabled (Zero based)
 Heap Region Size: 2M
 Heap Min Capacity: 8M
 Heap Initial Capacity: 256M
 Heap Max Capacity: 4086M
 Pre-touch: Disabled
 Parallel Workers: 8
 Concurrent Workers: 2
 Concurrent Refinement Workers: 8
 Periodic GC: Disabled

Heap:
 garbage-first heap   total 262144K, used 6144K [0x0000000700a00000, 0x0000000800000000)
  region size 2048K, 4 young (8192K), 0 survivors (0K)
 Metaspace       used 1865K, committed 2048K, reserved 1114112K
  class space    used 147K, committed 256K, reserved 1048576K

Heap Regions: E=young(eden), S=young(survivor), O=old, HS=humongous(starts), HC=humongous(continues), CS=collection set, F=free, OA=open archive, CA=closed archive, TAMS=top-at-mark-start, PB=parsable bottom
|   0|0x0000000700a00000, 0x0000000700a00000, 0x0000000700c00000|  0%| F|  |TAMS 0x0000000700a00000| PB 0x0000000700a00000| Untracked 
|   1|0x0000000700c00000, 0x0000000700c00000, 0x0000000700e00000|  0%| F|  |TAMS 0x0000000700c00000| PB 0x0000000700c00000| Untracked 
|   2|0x0000000700e00000, 0x0000000700e00000, 0x0000000701000000|  0%| F|  |TAMS 0x0000000700e00000| PB 0x0000000700e00000| Untracked 
|   3|0x0000000701000000, 0x0000000701000000, 0x0000000701200000|  0%| F|  |TAMS 0x0000000701000000| PB 0x0000000701000000| Untracked 
|   4|0x0000000701200000, 0x0000000701200000, 0x0000000701400000|  0%| F|  |TAMS 0x0000000701200000| PB 0x0000000701200000| Untracked 
|   5|0x0000000701400000, 0x0000000701400000, 0x0000000701600000|  0%| F|  |TAMS 0x0000000701400000| PB 0x0000000701400000| Untracked 
|   6|0x0000000701600000, 0x0000000701600000, 0x0000000701800000|  0%| F|  |TAMS 0x0000000701600000| PB 0x0000000701600000| Untracked 
|   7|0x0000000701800000, 0x0000000701800000, 0x0000000701a00000|  0%| F|  |TAMS 0x0000000701800000| PB 0x0000000701800000| Untracked 
|   8|0x0000000701a00000, 0x0000000701a00000, 0x0000000701c00000|  0%| F|  |TAMS 0x0000000701a00000| PB 0x0000000701a00000| Untracked 
|   9|0x0000000701c00000, 0x0000000701c00000, 0x0000000701e00000|  0%| F|  |TAMS 0x0000000701c00000| PB 0x0000000701c00000| Untracked 
|  10|0x0000000701e00000, 0x0000000701e00000, 0x0000000702000000|  0%| F|  |TAMS 0x0000000701e00000| PB 0x0000000701e00000| Untracked 
|  11|0x0000000702000000, 0x0000000702000000, 0x0000000702200000|  0%| F|  |TAMS 0x0000000702000000| PB 0x0000000702000000| Untracked 
|  12|0x0000000702200000, 0x0000000702200000, 0x0000000702400000|  0%| F|  |TAMS 0x0000000702200000| PB 0x0000000702200000| Untracked 
|  13|0x0000000702400000, 0x0000000702400000, 0x0000000702600000|  0%| F|  |TAMS 0x0000000702400000| PB 0x0000000702400000| Untracked 
|  14|0x0000000702600000, 0x0000000702600000, 0x0000000702800000|  0%| F|  |TAMS 0x0000000702600000| PB 0x0000000702600000| Untracked 
|  15|0x0000000702800000, 0x0000000702800000, 0x0000000702a00000|  0%| F|  |TAMS 0x0000000702800000| PB 0x0000000702800000| Untracked 
|  16|0x0000000702a00000, 0x0000000702a00000, 0x0000000702c00000|  0%| F|  |TAMS 0x0000000702a00000| PB 0x0000000702a00000| Untracked 
|  17|0x0000000702c00000, 0x0000000702c00000, 0x0000000702e00000|  0%| F|  |TAMS 0x0000000702c00000| PB 0x0000000702c00000| Untracked 
|  18|0x0000000702e00000, 0x0000000702e00000, 0x0000000703000000|  0%| F|  |TAMS 0x0000000702e00000| PB 0x0000000702e00000| Untracked 
|  19|0x0000000703000000, 0x0000000703000000, 0x0000000703200000|  0%| F|  |TAMS 0x0000000703000000| PB 0x0000000703000000| Untracked 
|  20|0x0000000703200000, 0x0000000703200000, 0x0000000703400000|  0%| F|  |TAMS 0x0000000703200000| PB 0x0000000703200000| Untracked 
|  21|0x0000000703400000, 0x0000000703400000, 0x0000000703600000|  0%| F|  |TAMS 0x0000000703400000| PB 0x0000000703400000| Untracked 
|  22|0x0000000703600000, 0x0000000703600000, 0x0000000703800000|  0%| F|  |TAMS 0x0000000703600000| PB 0x0000000703600000| Untracked 
|  23|0x0000000703800000, 0x0000000703800000, 0x0000000703a00000|  0%| F|  |TAMS 0x0000000703800000| PB 0x0000000703800000| Untracked 
|  24|0x0000000703a00000, 0x0000000703a00000, 0x0000000703c00000|  0%| F|  |TAMS 0x0000000703a00000| PB 0x0000000703a00000| Untracked 
|  25|0x0000000703c00000, 0x0000000703c00000, 0x0000000703e00000|  0%| F|  |TAMS 0x0000000703c00000| PB 0x0000000703c00000| Untracked 
|  26|0x0000000703e00000, 0x0000000703e00000, 0x0000000704000000|  0%| F|  |TAMS 0x0000000703e00000| PB 0x0000000703e00000| Untracked 
|  27|0x0000000704000000, 0x0000000704000000, 0x0000000704200000|  0%| F|  |TAMS 0x0000000704000000| PB 0x0000000704000000| Untracked 
|  28|0x0000000704200000, 0x0000000704200000, 0x0000000704400000|  0%| F|  |TAMS 0x0000000704200000| PB 0x0000000704200000| Untracked 
|  29|0x0000000704400000, 0x0000000704400000, 0x0000000704600000|  0%| F|  |TAMS 0x0000000704400000| PB 0x0000000704400000| Untracked 
|  30|0x0000000704600000, 0x0000000704600000, 0x0000000704800000|  0%| F|  |TAMS 0x0000000704600000| PB 0x0000000704600000| Untracked 
|  31|0x0000000704800000, 0x0000000704800000, 0x0000000704a00000|  0%| F|  |TAMS 0x0000000704800000| PB 0x0000000704800000| Untracked 
|  32|0x0000000704a00000, 0x0000000704a00000, 0x0000000704c00000|  0%| F|  |TAMS 0x0000000704a00000| PB 0x0000000704a00000| Untracked 
|  33|0x0000000704c00000, 0x0000000704c00000, 0x0000000704e00000|  0%| F|  |TAMS 0x0000000704c00000| PB 0x0000000704c00000| Untracked 
|  34|0x0000000704e00000, 0x0000000704e00000, 0x0000000705000000|  0%| F|  |TAMS 0x0000000704e00000| PB 0x0000000704e00000| Untracked 
|  35|0x0000000705000000, 0x0000000705000000, 0x0000000705200000|  0%| F|  |TAMS 0x0000000705000000| PB 0x0000000705000000| Untracked 
|  36|0x0000000705200000, 0x0000000705200000, 0x0000000705400000|  0%| F|  |TAMS 0x0000000705200000| PB 0x0000000705200000| Untracked 
|  37|0x0000000705400000, 0x0000000705400000, 0x0000000705600000|  0%| F|  |TAMS 0x0000000705400000| PB 0x0000000705400000| Untracked 
|  38|0x0000000705600000, 0x0000000705600000, 0x0000000705800000|  0%| F|  |TAMS 0x0000000705600000| PB 0x0000000705600000| Untracked 
|  39|0x0000000705800000, 0x0000000705800000, 0x0000000705a00000|  0%| F|  |TAMS 0x0000000705800000| PB 0x0000000705800000| Untracked 
|  40|0x0000000705a00000, 0x0000000705a00000, 0x0000000705c00000|  0%| F|  |TAMS 0x0000000705a00000| PB 0x0000000705a00000| Untracked 
|  41|0x0000000705c00000, 0x0000000705c00000, 0x0000000705e00000|  0%| F|  |TAMS 0x0000000705c00000| PB 0x0000000705c00000| Untracked 
|  42|0x0000000705e00000, 0x0000000705e00000, 0x0000000706000000|  0%| F|  |TAMS 0x0000000705e00000| PB 0x0000000705e00000| Untracked 
|  43|0x0000000706000000, 0x0000000706000000, 0x0000000706200000|  0%| F|  |TAMS 0x0000000706000000| PB 0x0000000706000000| Untracked 
|  44|0x0000000706200000, 0x0000000706200000, 0x0000000706400000|  0%| F|  |TAMS 0x0000000706200000| PB 0x0000000706200000| Untracked 
|  45|0x0000000706400000, 0x0000000706400000, 0x0000000706600000|  0%| F|  |TAMS 0x0000000706400000| PB 0x0000000706400000| Untracked 
|  46|0x0000000706600000, 0x0000000706600000, 0x0000000706800000|  0%| F|  |TAMS 0x0000000706600000| PB 0x0000000706600000| Untracked 
|  47|0x0000000706800000, 0x0000000706800000, 0x0000000706a00000|  0%| F|  |TAMS 0x0000000706800000| PB 0x0000000706800000| Untracked 
|  48|0x0000000706a00000, 0x0000000706a00000, 0x0000000706c00000|  0%| F|  |TAMS 0x0000000706a00000| PB 0x0000000706a00000| Untracked 
|  49|0x0000000706c00000, 0x0000000706c00000, 0x0000000706e00000|  0%| F|  |TAMS 0x0000000706c00000| PB 0x0000000706c00000| Untracked 
|  50|0x0000000706e00000, 0x0000000706e00000, 0x0000000707000000|  0%| F|  |TAMS 0x0000000706e00000| PB 0x0000000706e00000| Untracked 
|  51|0x0000000707000000, 0x0000000707000000, 0x0000000707200000|  0%| F|  |TAMS 0x0000000707000000| PB 0x0000000707000000| Untracked 
|  52|0x0000000707200000, 0x0000000707200000, 0x0000000707400000|  0%| F|  |TAMS 0x0000000707200000| PB 0x0000000707200000| Untracked 
|  53|0x0000000707400000, 0x0000000707400000, 0x0000000707600000|  0%| F|  |TAMS 0x0000000707400000| PB 0x0000000707400000| Untracked 
|  54|0x0000000707600000, 0x0000000707600000, 0x0000000707800000|  0%| F|  |TAMS 0x0000000707600000| PB 0x0000000707600000| Untracked 
|  55|0x0000000707800000, 0x0000000707800000, 0x0000000707a00000|  0%| F|  |TAMS 0x0000000707800000| PB 0x0000000707800000| Untracked 
|  56|0x0000000707a00000, 0x0000000707a00000, 0x0000000707c00000|  0%| F|  |TAMS 0x0000000707a00000| PB 0x0000000707a00000| Untracked 
|  57|0x0000000707c00000, 0x0000000707c00000, 0x0000000707e00000|  0%| F|  |TAMS 0x0000000707c00000| PB 0x0000000707c00000| Untracked 
|  58|0x0000000707e00000, 0x0000000707e00000, 0x0000000708000000|  0%| F|  |TAMS 0x0000000707e00000| PB 0x0000000707e00000| Untracked 
|  59|0x0000000708000000, 0x0000000708000000, 0x0000000708200000|  0%| F|  |TAMS 0x0000000708000000| PB 0x0000000708000000| Untracked 
|  60|0x0000000708200000, 0x0000000708200000, 0x0000000708400000|  0%| F|  |TAMS 0x0000000708200000| PB 0x0000000708200000| Untracked 
|  61|0x0000000708400000, 0x0000000708400000, 0x0000000708600000|  0%| F|  |TAMS 0x0000000708400000| PB 0x0000000708400000| Untracked 
|  62|0x0000000708600000, 0x0000000708600000, 0x0000000708800000|  0%| F|  |TAMS 0x0000000708600000| PB 0x0000000708600000| Untracked 
|  63|0x0000000708800000, 0x0000000708800000, 0x0000000708a00000|  0%| F|  |TAMS 0x0000000708800000| PB 0x0000000708800000| Untracked 
|  64|0x0000000708a00000, 0x0000000708a00000, 0x0000000708c00000|  0%| F|  |TAMS 0x0000000708a00000| PB 0x0000000708a00000| Untracked 
|  65|0x0000000708c00000, 0x0000000708c00000, 0x0000000708e00000|  0%| F|  |TAMS 0x0000000708c00000| PB 0x0000000708c00000| Untracked 
|  66|0x0000000708e00000, 0x0000000708e00000, 0x0000000709000000|  0%| F|  |TAMS 0x0000000708e00000| PB 0x0000000708e00000| Untracked 
|  67|0x0000000709000000, 0x0000000709000000, 0x0000000709200000|  0%| F|  |TAMS 0x0000000709000000| PB 0x0000000709000000| Untracked 
|  68|0x0000000709200000, 0x0000000709200000, 0x0000000709400000|  0%| F|  |TAMS 0x0000000709200000| PB 0x0000000709200000| Untracked 
|  69|0x0000000709400000, 0x0000000709400000, 0x0000000709600000|  0%| F|  |TAMS 0x0000000709400000| PB 0x0000000709400000| Untracked 
|  70|0x0000000709600000, 0x0000000709600000, 0x0000000709800000|  0%| F|  |TAMS 0x0000000709600000| PB 0x0000000709600000| Untracked 
|  71|0x0000000709800000, 0x0000000709800000, 0x0000000709a00000|  0%| F|  |TAMS 0x0000000709800000| PB 0x0000000709800000| Untracked 
|  72|0x0000000709a00000, 0x0000000709a00000, 0x0000000709c00000|  0%| F|  |TAMS 0x0000000709a00000| PB 0x0000000709a00000| Untracked 
|  73|0x0000000709c00000, 0x0000000709c00000, 0x0000000709e00000|  0%| F|  |TAMS 0x0000000709c00000| PB 0x0000000709c00000| Untracked 
|  74|0x0000000709e00000, 0x0000000709e00000, 0x000000070a000000|  0%| F|  |TAMS 0x0000000709e00000| PB 0x0000000709e00000| Untracked 
|  75|0x000000070a000000, 0x000000070a000000, 0x000000070a200000|  0%| F|  |TAMS 0x000000070a000000| PB 0x000000070a000000| Untracked 
|  76|0x000000070a200000, 0x000000070a200000, 0x000000070a400000|  0%| F|  |TAMS 0x000000070a200000| PB 0x000000070a200000| Untracked 
|  77|0x000000070a400000, 0x000000070a400000, 0x000000070a600000|  0%| F|  |TAMS 0x000000070a400000| PB 0x000000070a400000| Untracked 
|  78|0x000000070a600000, 0x000000070a600000, 0x000000070a800000|  0%| F|  |TAMS 0x000000070a600000| PB 0x000000070a600000| Untracked 
|  79|0x000000070a800000, 0x000000070a800000, 0x000000070aa00000|  0%| F|  |TAMS 0x000000070a800000| PB 0x000000070a800000| Untracked 
|  80|0x000000070aa00000, 0x000000070aa00000, 0x000000070ac00000|  0%| F|  |TAMS 0x000000070aa00000| PB 0x000000070aa00000| Untracked 
|  81|0x000000070ac00000, 0x000000070ac00000, 0x000000070ae00000|  0%| F|  |TAMS 0x000000070ac00000| PB 0x000000070ac00000| Untracked 
|  82|0x000000070ae00000, 0x000000070ae00000, 0x000000070b000000|  0%| F|  |TAMS 0x000000070ae00000| PB 0x000000070ae00000| Untracked 
|  83|0x000000070b000000, 0x000000070b000000, 0x000000070b200000|  0%| F|  |TAMS 0x000000070b000000| PB 0x000000070b000000| Untracked 
|  84|0x000000070b200000, 0x000000070b200000, 0x000000070b400000|  0%| F|  |TAMS 0x000000070b200000| PB 0x000000070b200000| Untracked 
|  85|0x000000070b400000, 0x000000070b400000, 0x000000070b600000|  0%| F|  |TAMS 0x000000070b400000| PB 0x000000070b400000| Untracked 
|  86|0x000000070b600000, 0x000000070b600000, 0x000000070b800000|  0%| F|  |TAMS 0x000000070b600000| PB 0x000000070b600000| Untracked 
|  87|0x000000070b800000, 0x000000070b800000, 0x000000070ba00000|  0%| F|  |TAMS 0x000000070b800000| PB 0x000000070b800000| Untracked 
|  88|0x000000070ba00000, 0x000000070ba00000, 0x000000070bc00000|  0%| F|  |TAMS 0x000000070ba00000| PB 0x000000070ba00000| Untracked 
|  89|0x000000070bc00000, 0x000000070bc00000, 0x000000070be00000|  0%| F|  |TAMS 0x000000070bc00000| PB 0x000000070bc00000| Untracked 
|  90|0x000000070be00000, 0x000000070be00000, 0x000000070c000000|  0%| F|  |TAMS 0x000000070be00000| PB 0x000000070be00000| Untracked 
|  91|0x000000070c000000, 0x000000070c000000, 0x000000070c200000|  0%| F|  |TAMS 0x000000070c000000| PB 0x000000070c000000| Untracked 
|  92|0x000000070c200000, 0x000000070c200000, 0x000000070c400000|  0%| F|  |TAMS 0x000000070c200000| PB 0x000000070c200000| Untracked 
|  93|0x000000070c400000, 0x000000070c400000, 0x000000070c600000|  0%| F|  |TAMS 0x000000070c400000| PB 0x000000070c400000| Untracked 
|  94|0x000000070c600000, 0x000000070c600000, 0x000000070c800000|  0%| F|  |TAMS 0x000000070c600000| PB 0x000000070c600000| Untracked 
|  95|0x000000070c800000, 0x000000070c800000, 0x000000070ca00000|  0%| F|  |TAMS 0x000000070c800000| PB 0x000000070c800000| Untracked 
|  96|0x000000070ca00000, 0x000000070ca00000, 0x000000070cc00000|  0%| F|  |TAMS 0x000000070ca00000| PB 0x000000070ca00000| Untracked 
|  97|0x000000070cc00000, 0x000000070cc00000, 0x000000070ce00000|  0%| F|  |TAMS 0x000000070cc00000| PB 0x000000070cc00000| Untracked 
|  98|0x000000070ce00000, 0x000000070ce00000, 0x000000070d000000|  0%| F|  |TAMS 0x000000070ce00000| PB 0x000000070ce00000| Untracked 
|  99|0x000000070d000000, 0x000000070d000000, 0x000000070d200000|  0%| F|  |TAMS 0x000000070d000000| PB 0x000000070d000000| Untracked 
| 100|0x000000070d200000, 0x000000070d200000, 0x000000070d400000|  0%| F|  |TAMS 0x000000070d200000| PB 0x000000070d200000| Untracked 
| 101|0x000000070d400000, 0x000000070d400000, 0x000000070d600000|  0%| F|  |TAMS 0x000000070d400000| PB 0x000000070d400000| Untracked 
| 102|0x000000070d600000, 0x000000070d600000, 0x000000070d800000|  0%| F|  |TAMS 0x000000070d600000| PB 0x000000070d600000| Untracked 
| 103|0x000000070d800000, 0x000000070d800000, 0x000000070da00000|  0%| F|  |TAMS 0x000000070d800000| PB 0x000000070d800000| Untracked 
| 104|0x000000070da00000, 0x000000070da00000, 0x000000070dc00000|  0%| F|  |TAMS 0x000000070da00000| PB 0x000000070da00000| Untracked 
| 105|0x000000070dc00000, 0x000000070dc00000, 0x000000070de00000|  0%| F|  |TAMS 0x000000070dc00000| PB 0x000000070dc00000| Untracked 
| 106|0x000000070de00000, 0x000000070de00000, 0x000000070e000000|  0%| F|  |TAMS 0x000000070de00000| PB 0x000000070de00000| Untracked 
| 107|0x000000070e000000, 0x000000070e000000, 0x000000070e200000|  0%| F|  |TAMS 0x000000070e000000| PB 0x000000070e000000| Untracked 
| 108|0x000000070e200000, 0x000000070e200000, 0x000000070e400000|  0%| F|  |TAMS 0x000000070e200000| PB 0x000000070e200000| Untracked 
| 109|0x000000070e400000, 0x000000070e400000, 0x000000070e600000|  0%| F|  |TAMS 0x000000070e400000| PB 0x000000070e400000| Untracked 
| 110|0x000000070e600000, 0x000000070e600000, 0x000000070e800000|  0%| F|  |TAMS 0x000000070e600000| PB 0x000000070e600000| Untracked 
| 111|0x000000070e800000, 0x000000070e800000, 0x000000070ea00000|  0%| F|  |TAMS 0x000000070e800000| PB 0x000000070e800000| Untracked 
| 112|0x000000070ea00000, 0x000000070ea00000, 0x000000070ec00000|  0%| F|  |TAMS 0x000000070ea00000| PB 0x000000070ea00000| Untracked 
| 113|0x000000070ec00000, 0x000000070ec00000, 0x000000070ee00000|  0%| F|  |TAMS 0x000000070ec00000| PB 0x000000070ec00000| Untracked 
| 114|0x000000070ee00000, 0x000000070ee00000, 0x000000070f000000|  0%| F|  |TAMS 0x000000070ee00000| PB 0x000000070ee00000| Untracked 
| 115|0x000000070f000000, 0x000000070f000000, 0x000000070f200000|  0%| F|  |TAMS 0x000000070f000000| PB 0x000000070f000000| Untracked 
| 116|0x000000070f200000, 0x000000070f200000, 0x000000070f400000|  0%| F|  |TAMS 0x000000070f200000| PB 0x000000070f200000| Untracked 
| 117|0x000000070f400000, 0x000000070f400000, 0x000000070f600000|  0%| F|  |TAMS 0x000000070f400000| PB 0x000000070f400000| Untracked 
| 118|0x000000070f600000, 0x000000070f600000, 0x000000070f800000|  0%| F|  |TAMS 0x000000070f600000| PB 0x000000070f600000| Untracked 
| 119|0x000000070f800000, 0x000000070f800000, 0x000000070fa00000|  0%| F|  |TAMS 0x000000070f800000| PB 0x000000070f800000| Untracked 
| 120|0x000000070fa00000, 0x000000070fa00000, 0x000000070fc00000|  0%| F|  |TAMS 0x000000070fa00000| PB 0x000000070fa00000| Untracked 
| 121|0x000000070fc00000, 0x000000070fc00000, 0x000000070fe00000|  0%| F|  |TAMS 0x000000070fc00000| PB 0x000000070fc00000| Untracked 
| 122|0x000000070fe00000, 0x000000070fe00000, 0x0000000710000000|  0%| F|  |TAMS 0x000000070fe00000| PB 0x000000070fe00000| Untracked 
| 123|0x0000000710000000, 0x0000000710000000, 0x0000000710200000|  0%| F|  |TAMS 0x0000000710000000| PB 0x0000000710000000| Untracked 
| 124|0x0000000710200000, 0x00000007103f9f78, 0x0000000710400000| 98%| E|  |TAMS 0x0000000710200000| PB 0x0000000710200000| Complete 
| 125|0x0000000710400000, 0x0000000710600000, 0x0000000710600000|100%| E|CS|TAMS 0x0000000710400000| PB 0x0000000710400000| Complete 
| 126|0x0000000710600000, 0x0000000710800000, 0x0000000710800000|100%| E|CS|TAMS 0x0000000710600000| PB 0x0000000710600000| Complete 
| 127|0x0000000710800000, 0x0000000710a00000, 0x0000000710a00000|100%| E|CS|TAMS 0x0000000710800000| PB 0x0000000710800000| Complete 

Card table byte_map: [0x00000152f3b90000,0x00000152f4390000] _byte_map_base: 0x00000152f038b000

Marking Bits: (CMBitMap*) 0x00000152dc00e9f0
 Bits: [0x00000152f4b90000, 0x00000152f8b68000)

Polling page: 0x00000152db770000

Metaspace:

Usage:
  Non-class:      1.68 MB used.
      Class:    147.33 KB used.
       Both:      1.82 MB used.

Virtual space:
  Non-class space:       64.00 MB reserved,       1.75 MB (  3%) committed,  1 nodes.
      Class space:        1.00 GB reserved,     256.00 KB ( <1%) committed,  1 nodes.
             Both:        1.06 GB reserved,       2.00 MB ( <1%) committed. 

Chunk freelists:
   Non-Class:  3.45 MB
       Class:  3.67 MB
        Both:  7.12 MB

MaxMetaspaceSize: unlimited
CompressedClassSpaceSize: 1.00 GB
Initial GC threshold: 21.00 MB
Current GC threshold: 21.00 MB
CDS: on
MetaspaceReclaimPolicy: balanced
 - commit_granule_bytes: 65536.
 - commit_granule_words: 8192.
 - virtual_space_node_default_size: 8388608.
 - enlarge_chunks_in_place: 1.
 - new_chunks_are_fully_committed: 0.
 - uncommit_free_chunks: 1.
 - use_allocation_guard: 0.


Internal statistics:

num_allocs_failed_limit: 0.
num_arena_births: 74.
num_arena_deaths: 0.
num_vsnodes_births: 2.
num_vsnodes_deaths: 0.
num_space_committed: 32.
num_space_uncommitted: 0.
num_chunks_returned_to_freelist: 0.
num_chunks_taken_from_freelist: 106.
num_chunk_merges: 0.
num_chunk_splits: 72.
num_chunks_enlarged: 45.
num_inconsistent_stats: 0.

CodeHeap 'non-profiled nmethods': size=120000Kb used=152Kb max_used=152Kb free=119847Kb
 bounds [0x00000152ebb30000, 0x00000152ebda0000, 0x00000152f3060000]
CodeHeap 'profiled nmethods': size=120000Kb used=569Kb max_used=569Kb free=119430Kb
 bounds [0x00000152e4060000, 0x00000152e42d0000, 0x00000152eb590000]
CodeHeap 'non-nmethods': size=5760Kb used=1453Kb max_used=1467Kb free=4306Kb
 bounds [0x00000152eb590000, 0x00000152eb800000, 0x00000152ebb30000]
 total_blobs=895 nmethods=458 adapters=348
 compilation: enabled
              stopped_count=0, restarted_count=0
 full_count=0

Compilation events (20 events):
Event: 1.088 Thread 0x00000152fb5d4cb0  450       3       jdk.internal.org.objectweb.asm.ByteVector::putByteArray (49 bytes)
Event: 1.089 Thread 0x00000152fb5d4cb0 nmethod 450 0x00000152e40ebd10 code [0x00000152e40ebec0, 0x00000152e40ec198]
Event: 1.089 Thread 0x00000152fb5d4cb0  449       3       java.lang.Integer::getChars (121 bytes)
Event: 1.089 Thread 0x00000152fb5d4cb0 nmethod 449 0x00000152e40ec290 code [0x00000152e40ec460, 0x00000152e40ec8b8]
Event: 1.089 Thread 0x00000152fb5d4cb0  451       1       java.net.URL::getRef (5 bytes)
Event: 1.089 Thread 0x00000152fb5d4cb0 nmethod 451 0x00000152ebb55a90 code [0x00000152ebb55c00, 0x00000152ebb55cd0]
Event: 1.090 Thread 0x00000152fb5d4cb0  452       3       java.lang.StringLatin1::indexOf (36 bytes)
Event: 1.090 Thread 0x00000152fb5d4cb0 nmethod 452 0x00000152e40ecb10 code [0x00000152e40eccc0, 0x00000152e40ecfd8]
Event: 1.095 Thread 0x00000152fb5d4cb0  453       3       java.lang.StringConcatHelper::prepend (37 bytes)
Event: 1.095 Thread 0x00000152fb5d4cb0 nmethod 453 0x00000152e40ed110 code [0x00000152e40ed2c0, 0x00000152e40ed598]
Event: 1.101 Thread 0x00000152fb5b75c0  454       4       java.util.concurrent.ConcurrentHashMap::tabAt (22 bytes)
Event: 1.102 Thread 0x00000152fb5b75c0 nmethod 454 0x00000152ebb55d90 code [0x00000152ebb55f00, 0x00000152ebb55f78]
Event: 1.102 Thread 0x00000152fb5d4cb0  455       3       jdk.internal.jimage.ImageStringsReader::hashCode (33 bytes)
Event: 1.102 Thread 0x00000152fb5d4cb0 nmethod 455 0x00000152e40ed710 code [0x00000152e40ed8a0, 0x00000152e40eda10]
Event: 1.102 Thread 0x00000152fb5d4cb0  456       3       java.util.Optional::empty (6 bytes)
Event: 1.102 Thread 0x00000152fb5d4cb0 nmethod 456 0x00000152e40edb10 code [0x00000152e40edca0, 0x00000152e40edd98]
Event: 1.102 Thread 0x00000152fb5d4cb0  457       3       java.util.ArrayList::get (15 bytes)
Event: 1.102 Thread 0x00000152fb5d4cb0 nmethod 457 0x00000152e40ede10 code [0x00000152e40edfc0, 0x00000152e40ee220]
Event: 1.103 Thread 0x00000152fb5d4cb0  458       3       java.util.ArrayList::elementData (7 bytes)
Event: 1.103 Thread 0x00000152fb5d4cb0 nmethod 458 0x00000152e40ee390 code [0x00000152e40ee520, 0x00000152e40ee660]

GC Heap History (0 events):
No events

Dll operation events (9 events):
Event: 0.045 Loaded shared library C:\Users\Tony\.jdks\openjdk-20.0.1\bin\java.dll
Event: 0.047 Loaded shared library C:\Users\Tony\.jdks\openjdk-20.0.1\bin\zip.dll
Event: 0.057 Loaded shared library C:\Users\Tony\.jdks\openjdk-20.0.1\bin\jsvml.dll
Event: 0.606 Loaded shared library C:\Users\Tony\.jdks\openjdk-20.0.1\bin\instrument.dll
Event: 0.715 Loaded shared library C:\Users\Tony\.jdks\openjdk-20.0.1\bin\net.dll
Event: 0.717 Loaded shared library C:\Users\Tony\.jdks\openjdk-20.0.1\bin\nio.dll
Event: 0.745 Loaded shared library C:\Users\Tony\.jdks\openjdk-20.0.1\bin\zip.dll
Event: 0.923 Loaded shared library C:\Users\Tony\.jdks\openjdk-20.0.1\bin\jimage.dll
Event: 1.000 Loaded shared library C:\Users\Tony\AppData\Local\Temp\lwjglTony\3.3.1-build-7\lwjgl.dll

Deoptimization events (20 events):
Event: 0.647 Thread 0x00000152dbf9e0b0 DEOPT PACKING pc=0x00000152ebb40e48 sp=0x000000065abff3a0
Event: 0.647 Thread 0x00000152dbf9e0b0 DEOPT UNPACKING pc=0x00000152eb5f9d22 sp=0x000000065abff2f0 mode 2
Event: 0.749 Thread 0x00000152dbf9e0b0 Uncommon trap: trap_request=0xffffffde fr.pc=0x00000152ebb3de40 relative=0x0000000000000b40
Event: 0.749 Thread 0x00000152dbf9e0b0 Uncommon trap: reason=class_check action=maybe_recompile pc=0x00000152ebb3de40 method=java.util.HashMap.putVal(ILjava/lang/Object;Ljava/lang/Object;ZZ)Ljava/lang/Object; @ 152 c2
Event: 0.749 Thread 0x00000152dbf9e0b0 DEOPT PACKING pc=0x00000152ebb3de40 sp=0x000000065abfcb30
Event: 0.749 Thread 0x00000152dbf9e0b0 DEOPT UNPACKING pc=0x00000152eb5f9d22 sp=0x000000065abfcae0 mode 2
Event: 0.749 Thread 0x00000152dbf9e0b0 Uncommon trap: trap_request=0xffffffde fr.pc=0x00000152ebb3de40 relative=0x0000000000000b40
Event: 0.749 Thread 0x00000152dbf9e0b0 Uncommon trap: reason=class_check action=maybe_recompile pc=0x00000152ebb3de40 method=java.util.HashMap.putVal(ILjava/lang/Object;Ljava/lang/Object;ZZ)Ljava/lang/Object; @ 152 c2
Event: 0.749 Thread 0x00000152dbf9e0b0 DEOPT PACKING pc=0x00000152ebb3de40 sp=0x000000065abfcb30
Event: 0.749 Thread 0x00000152dbf9e0b0 DEOPT UNPACKING pc=0x00000152eb5f9d22 sp=0x000000065abfcae0 mode 2
Event: 0.751 Thread 0x00000152dbf9e0b0 Uncommon trap: trap_request=0xffffffde fr.pc=0x00000152ebb3de40 relative=0x0000000000000b40
Event: 0.751 Thread 0x00000152dbf9e0b0 Uncommon trap: reason=class_check action=maybe_recompile pc=0x00000152ebb3de40 method=java.util.HashMap.putVal(ILjava/lang/Object;Ljava/lang/Object;ZZ)Ljava/lang/Object; @ 152 c2
Event: 0.751 Thread 0x00000152dbf9e0b0 DEOPT PACKING pc=0x00000152ebb3de40 sp=0x000000065abfcb30
Event: 0.751 Thread 0x00000152dbf9e0b0 DEOPT UNPACKING pc=0x00000152eb5f9d22 sp=0x000000065abfcae0 mode 2
Event: 0.751 Thread 0x00000152dbf9e0b0 Uncommon trap: trap_request=0xffffffde fr.pc=0x00000152ebb3de40 relative=0x0000000000000b40
Event: 0.751 Thread 0x00000152dbf9e0b0 Uncommon trap: reason=class_check action=maybe_recompile pc=0x00000152ebb3de40 method=java.util.HashMap.putVal(ILjava/lang/Object;Ljava/lang/Object;ZZ)Ljava/lang/Object; @ 152 c2
Event: 0.751 Thread 0x00000152dbf9e0b0 DEOPT PACKING pc=0x00000152ebb3de40 sp=0x000000065abfcb30
Event: 0.751 Thread 0x00000152dbf9e0b0 DEOPT UNPACKING pc=0x00000152eb5f9d22 sp=0x000000065abfcae0 mode 2
Event: 1.090 Thread 0x00000152dbf9e0b0 DEOPT PACKING pc=0x00000152e408c6da sp=0x000000065abfcb80
Event: 1.090 Thread 0x00000152dbf9e0b0 DEOPT UNPACKING pc=0x00000152eb5fa4c2 sp=0x000000065abfbfa0 mode 0

Classes loaded (20 events):
Event: 1.090 Loading class java/nio/BufferUnderflowException
Event: 1.090 Loading class java/nio/BufferUnderflowException done
Event: 1.090 Loading class org/lwjgl/system/MemoryStack
Event: 1.090 Loading class org/lwjgl/system/MemoryStack done
Event: 1.092 Loading class java/lang/IndexOutOfBoundsException
Event: 1.092 Loading class java/lang/IndexOutOfBoundsException done
Event: 1.092 Loading class org/lwjgl/system/MemoryStack$DebugMemoryStack
Event: 1.092 Loading class org/lwjgl/system/MemoryStack$DebugMemoryStack done
Event: 1.094 Loading class org/lwjgl/system/MemoryStack
Event: 1.094 Loading class org/lwjgl/system/MemoryStack done
Event: 1.094 Loading class org/lwjgl/system/MemoryStack
Event: 1.094 Loading class org/lwjgl/system/MemoryStack done
Event: 1.095 Loading class org/lwjgl/BufferUtils
Event: 1.095 Loading class org/lwjgl/BufferUtils done
Event: 1.097 Loading class org/lwjgl/system/windows/WinBase
Event: 1.097 Loading class org/lwjgl/system/windows/WinBase done
Event: 1.098 Loading class org/lwjgl/system/ThreadLocalUtil
Event: 1.098 Loading class org/lwjgl/system/ThreadLocalUtil done
Event: 1.102 Loading class org/lwjgl/glfw/GLFW$Functions
Event: 1.102 Loading class org/lwjgl/glfw/GLFW$Functions done

Classes unloaded (0 events):
No events

Classes redefined (0 events):
No events

Internal exceptions (19 events):
Event: 0.607 Thread 0x00000152dbf9e0b0 Exception <a 'java/lang/NoSuchMethodError'{0x00000007106b6ac0}: 'void java.lang.invoke.DirectMethodHandle$Holder.invokeStatic(java.lang.Object, java.lang.Object, java.lang.Object)'> (0x00000007106b6ac0) 
thrown [s\open\src\hotspot\share\interpreter\linkResolver.cpp, line 773]
Event: 0.616 Thread 0x00000152dbf9e0b0 Exception <a 'java/lang/NoSuchMethodError'{0x00000007106cdfc8}: 'java.lang.Object java.lang.invoke.Invokers$Holder.invokeExact_MT(java.lang.Object, java.lang.Object, java.lang.Object, java.lang.Object, java.lang.Object)'> (0x00000007106cdfc8) 
thrown [s\open\src\hotspot\share\interpreter\linkResolver.cpp, line 773]
Event: 0.840 Thread 0x00000152dbf9e0b0 Exception <a 'java/lang/NoSuchMethodError'{0x0000000710590008}: 'void java.lang.invoke.DirectMethodHandle$Holder.invokeStatic(java.lang.Object, java.lang.Object)'> (0x0000000710590008) 
thrown [s\open\src\hotspot\share\interpreter\linkResolver.cpp, line 773]
Event: 0.842 Thread 0x00000152dbf9e0b0 Exception <a 'java/lang/NoSuchMethodError'{0x000000071059a5e0}: 'void java.lang.System.load(java.lang.String, java.lang.Class)'> (0x000000071059a5e0) 
thrown [s\open\src\hotspot\share\interpreter\linkResolver.cpp, line 773]
Event: 0.842 Thread 0x00000152dbf9e0b0 Exception <a 'java/lang/NoSuchMethodError'{0x000000071059afb0}: 'void java.lang.invoke.DirectMethodHandle$Holder.invokeSpecial(java.lang.Object, java.lang.Object, java.lang.Object)'> (0x000000071059afb0) 
thrown [s\open\src\hotspot\share\interpreter\linkResolver.cpp, line 773]
Event: 0.847 Thread 0x00000152dbf9e0b0 Exception <a 'java/lang/NoSuchMethodError'{0x00000007105aed48}: 'java.lang.Object java.lang.invoke.DirectMethodHandle$Holder.invokeStatic(java.lang.Object, java.lang.Object, int)'> (0x00000007105aed48) 
thrown [s\open\src\hotspot\share\interpreter\linkResolver.cpp, line 773]
Event: 0.850 Thread 0x00000152dbf9e0b0 Exception <a 'java/lang/NoSuchMethodError'{0x00000007105ba248}: 'void java.lang.invoke.DelegatingMethodHandle$Holder.delegate(java.lang.Object, java.lang.Object, int, java.lang.Object)'> (0x00000007105ba248) 
thrown [s\open\src\hotspot\share\interpreter\linkResolver.cpp, line 773]
Event: 0.851 Thread 0x00000152dbf9e0b0 Exception <a 'java/lang/NoSuchMethodError'{0x00000007105bded8}: 'int java.lang.invoke.DirectMethodHandle$Holder.invokeSpecial(java.lang.Object, java.lang.Object, java.lang.Object)'> (0x00000007105bded8) 
thrown [s\open\src\hotspot\share\interpreter\linkResolver.cpp, line 773]
Event: 0.897 Thread 0x00000152dbf9e0b0 Exception <a 'java/lang/NoSuchMethodError'{0x00000007105da3c8}: 'void java.lang.System.loadLibrary(java.lang.String, java.lang.Class)'> (0x00000007105da3c8) 
thrown [s\open\src\hotspot\share\interpreter\linkResolver.cpp, line 773]
Event: 0.997 Thread 0x00000152dbf9e0b0 Exception <a 'sun/nio/fs/WindowsException'{0x000000071029c968}> (0x000000071029c968) 
thrown [s\open\src\hotspot\share\prims\jni.cpp, line 519]
Event: 0.997 Thread 0x00000152dbf9e0b0 Exception <a 'sun/nio/fs/WindowsException'{0x000000071029df68}> (0x000000071029df68) 
thrown [s\open\src\hotspot\share\prims\jni.cpp, line 519]
Event: 1.034 Thread 0x00000152dbf9e0b0 Exception <a 'sun/nio/fs/WindowsException'{0x00000007102c8048}> (0x00000007102c8048) 
thrown [s\open\src\hotspot\share\prims\jni.cpp, line 519]
Event: 1.034 Thread 0x00000152dbf9e0b0 Exception <a 'sun/nio/fs/WindowsException'{0x00000007102c83a8}> (0x00000007102c83a8) 
thrown [s\open\src\hotspot\share\prims\jni.cpp, line 519]
Event: 1.068 Thread 0x00000152dbf9e0b0 Exception <a 'java/lang/NoSuchMethodError'{0x0000000710335d98}: 'int java.lang.invoke.DirectMethodHandle$Holder.invokeStaticInit(java.lang.Object, java.lang.Object, int, long)'> (0x0000000710335d98) 
thrown [s\open\src\hotspot\share\interpreter\linkResolver.cpp, line 773]
Event: 1.080 Thread 0x00000152dbf9e0b0 Exception <a 'java/lang/NoSuchMethodError'{0x000000071033b3d0}: 'java.lang.Object java.lang.invoke.DirectMethodHandle$Holder.newInvokeSpecial(java.lang.Object, java.lang.Object, int)'> (0x000000071033b3d0) 
thrown [s\open\src\hotspot\share\interpreter\linkResolver.cpp, line 773]
Event: 1.084 Thread 0x00000152dbf9e0b0 Exception <a 'java/lang/NoSuchMethodError'{0x000000071034ecd0}: 'int java.lang.invoke.DirectMethodHandle$Holder.invokeStaticInit(java.lang.Object, java.lang.Object, long, long)'> (0x000000071034ecd0) 
thrown [s\open\src\hotspot\share\interpreter\linkResolver.cpp, line 773]
Event: 1.085 Thread 0x00000152dbf9e0b0 Exception <a 'java/lang/NoSuchMethodError'{0x0000000710354b18}: 'java.lang.Object java.lang.invoke.DirectMethodHandle$Holder.newInvokeSpecial(java.lang.Object, java.lang.Object, long)'> (0x0000000710354b18) 
thrown [s\open\src\hotspot\share\interpreter\linkResolver.cpp, line 773]
Event: 1.086 Thread 0x00000152dbf9e0b0 Exception <a 'java/lang/NoSuchMethodError'{0x00000007103588d0}: 'java.lang.Object java.lang.invoke.Invokers$Holder.linkToTargetMethod(java.lang.Object, long, java.lang.Object)'> (0x00000007103588d0) 
thrown [s\open\src\hotspot\share\interpreter\linkResolver.cpp, line 773]
Event: 1.087 Thread 0x00000152dbf9e0b0 Exception <a 'java/lang/NoSuchMethodError'{0x000000071035f908}: 'int java.lang.invoke.DirectMethodHandle$Holder.invokeStaticInit(java.lang.Object, java.lang.Object, java.lang.Object, long)'> (0x000000071035f908) 
thrown [s\open\src\hotspot\share\interpreter\linkResolver.cpp, line 773]

VM Operations (6 events):
Event: 0.121 Executing VM operation: HandshakeAllThreads
Event: 0.121 Executing VM operation: HandshakeAllThreads done
Event: 0.600 Executing VM operation: ChangeBreakpoints
Event: 0.601 Executing VM operation: ChangeBreakpoints done
Event: 0.602 Executing VM operation: ChangeBreakpoints
Event: 0.602 Executing VM operation: ChangeBreakpoints done

Events (14 events):
Event: 0.057 Thread 0x00000152dbf9e0b0 Thread added: 0x00000152dbf9e0b0
Event: 0.074 Thread 0x00000152fb5a3b80 Thread added: 0x00000152fb5a3b80
Event: 0.074 Thread 0x00000152fb5a4b20 Thread added: 0x00000152fb5a4b20
Event: 0.074 Thread 0x00000152fb5a7370 Thread added: 0x00000152fb5a7370
Event: 0.074 Thread 0x00000152fb5ab5e0 Thread added: 0x00000152fb5ab5e0
Event: 0.074 Thread 0x00000152fb5af880 Thread added: 0x00000152fb5af880
Event: 0.074 Thread 0x00000152fb5b2b10 Thread added: 0x00000152fb5b2b10
Event: 0.075 Thread 0x00000152fb5b75c0 Thread added: 0x00000152fb5b75c0
Event: 0.075 Thread 0x00000152fb5d4cb0 Thread added: 0x00000152fb5d4cb0
Event: 0.111 Thread 0x00000152fb56f1f0 Thread added: 0x00000152fb56f1f0
Event: 0.164 Thread 0x00000152ff9b13b0 Thread added: 0x00000152ff9b13b0
Event: 0.165 Thread 0x00000152ff979680 Thread added: 0x00000152ff979680
Event: 0.165 Thread 0x00000152ff97bbf0 Thread added: 0x00000152ff97bbf0
Event: 0.643 Thread 0x00000152ff996c00 Thread added: 0x00000152ff996c00


Dynamic libraries:
0x00007ff6688c0000 - 0x00007ff6688ce000 	C:\Users\Tony\.jdks\openjdk-20.0.1\bin\java.exe
0x00007ff880e70000 - 0x00007ff881068000 	C:\Windows\SYSTEM32\ntdll.dll
0x00007ff8802a0000 - 0x00007ff88035f000 	C:\Windows\System32\KERNEL32.DLL
0x00007ff87e990000 - 0x00007ff87ec86000 	C:\Windows\System32\KERNELBASE.dll
0x00007ff87e550000 - 0x00007ff87e650000 	C:\Windows\System32\ucrtbase.dll
0x00007ff874c90000 - 0x00007ff874cab000 	C:\Users\Tony\.jdks\openjdk-20.0.1\bin\VCRUNTIME140.dll
0x00007ff874c00000 - 0x00007ff874c17000 	C:\Users\Tony\.jdks\openjdk-20.0.1\bin\jli.dll
0x00007ff880100000 - 0x00007ff88029d000 	C:\Windows\System32\USER32.dll
0x00007ff87e770000 - 0x00007ff87e792000 	C:\Windows\System32\win32u.dll
0x00007ff86cfc0000 - 0x00007ff86d25a000 	C:\Windows\WinSxS\amd64_microsoft.windows.common-controls_6595b64144ccf1df_6.0.19041.1110_none_60b5254171f9507e\COMCTL32.dll
0x00007ff8805d0000 - 0x00007ff8805fc000 	C:\Windows\System32\GDI32.dll
0x00007ff8809c0000 - 0x00007ff880a5e000 	C:\Windows\System32\msvcrt.dll
0x00007ff87e650000 - 0x00007ff87e765000 	C:\Windows\System32\gdi32full.dll
0x00007ff87ee30000 - 0x00007ff87eecd000 	C:\Windows\System32\msvcp_win.dll
0x00007ff880810000 - 0x00007ff880840000 	C:\Windows\System32\IMM32.DLL
0x00007ff87a200000 - 0x00007ff87a20c000 	C:\Users\Tony\.jdks\openjdk-20.0.1\bin\vcruntime140_1.dll
0x00007ff86fff0000 - 0x00007ff87007e000 	C:\Users\Tony\.jdks\openjdk-20.0.1\bin\msvcp140.dll
0x00007ff821be0000 - 0x00007ff822877000 	C:\Users\Tony\.jdks\openjdk-20.0.1\bin\server\jvm.dll
0x00007ff87f310000 - 0x00007ff87f3bf000 	C:\Windows\System32\ADVAPI32.dll
0x00007ff880530000 - 0x00007ff8805cc000 	C:\Windows\System32\sechost.dll
0x00007ff880a60000 - 0x00007ff880b86000 	C:\Windows\System32\RPCRT4.dll
0x00007ff8766a0000 - 0x00007ff8766c7000 	C:\Windows\SYSTEM32\WINMM.dll
0x00007ff864110000 - 0x00007ff864119000 	C:\Windows\SYSTEM32\WSOCK32.dll
0x00007ff877380000 - 0x00007ff87738a000 	C:\Windows\SYSTEM32\VERSION.dll
0x00007ff880c60000 - 0x00007ff880ccb000 	C:\Windows\System32\WS2_32.dll
0x00007ff87c430000 - 0x00007ff87c442000 	C:\Windows\SYSTEM32\kernel.appcore.dll
0x00007ff8786e0000 - 0x00007ff8786ea000 	C:\Users\Tony\.jdks\openjdk-20.0.1\bin\jimage.dll
0x00007ff86fae0000 - 0x00007ff86fcc4000 	C:\Windows\SYSTEM32\DBGHELP.DLL
0x00007ff864700000 - 0x00007ff864734000 	C:\Windows\SYSTEM32\dbgcore.DLL
0x00007ff87e900000 - 0x00007ff87e982000 	C:\Windows\System32\bcryptPrimitives.dll
0x00007ff86d350000 - 0x00007ff86d38c000 	C:\Users\Tony\.jdks\openjdk-20.0.1\bin\jdwp.dll
0x00007ff873d90000 - 0x00007ff873d9e000 	C:\Users\Tony\.jdks\openjdk-20.0.1\bin\instrument.dll
0x00007ff874b70000 - 0x00007ff874b96000 	C:\Users\Tony\.jdks\openjdk-20.0.1\bin\java.dll
0x00007ff874ad0000 - 0x00007ff874ae8000 	C:\Users\Tony\.jdks\openjdk-20.0.1\bin\zip.dll
0x00007ff86b0f0000 - 0x00007ff86b1c7000 	C:\Users\Tony\.jdks\openjdk-20.0.1\bin\jsvml.dll
0x00007ff87f480000 - 0x00007ff87fbc4000 	C:\Windows\System32\SHELL32.dll
0x00007ff87c630000 - 0x00007ff87cdc3000 	C:\Windows\SYSTEM32\windows.storage.dll
0x00007ff87efb0000 - 0x00007ff87f304000 	C:\Windows\System32\combase.dll
0x00007ff87dfb0000 - 0x00007ff87dfde000 	C:\Windows\SYSTEM32\Wldp.dll
0x00007ff87f3c0000 - 0x00007ff87f46d000 	C:\Windows\System32\SHCORE.dll
0x00007ff8807b0000 - 0x00007ff880805000 	C:\Windows\System32\shlwapi.dll
0x00007ff87e490000 - 0x00007ff87e4af000 	C:\Windows\SYSTEM32\profapi.dll
0x00007ff870f30000 - 0x00007ff870f3c000 	C:\Users\Tony\.jdks\openjdk-20.0.1\bin\dt_socket.dll
0x00007ff87d9b0000 - 0x00007ff87d9ec000 	C:\Windows\SYSTEM32\IPHLPAPI.DLL
0x00007ff87dd10000 - 0x00007ff87dd7a000 	C:\Windows\system32\mswsock.dll
0x00007ff874b10000 - 0x00007ff874b23000 	C:\Users\Tony\.jdks\openjdk-20.0.1\bin\net.dll
0x00007ff876bc0000 - 0x00007ff876cca000 	C:\Windows\SYSTEM32\WINHTTP.dll
0x00007ff874af0000 - 0x00007ff874b06000 	C:\Users\Tony\.jdks\openjdk-20.0.1\bin\nio.dll
0x00007ff860a70000 - 0x00007ff860ae5000 	C:\Users\Tony\AppData\Local\Temp\lwjglTony\3.3.1-build-7\lwjgl.dll
0x00007ff86b1d0000 - 0x00007ff86b231000 	C:\Users\Tony\AppData\Local\Temp\lwjglTony\3.3.1-build-7\glfw.dll

dbghelp: loaded successfully - version: 4.0.5 - missing functions: none
symbol engine: initialized successfully - sym options: 0x614 - pdb path: .;C:\Users\Tony\.jdks\openjdk-20.0.1\bin;C:\Windows\SYSTEM32;C:\Windows\WinSxS\amd64_microsoft.windows.common-controls_6595b64144ccf1df_6.0.19041.1110_none_60b5254171f9507e;C:\Users\Tony\.jdks\openjdk-20.0.1\bin\server;C:\Users\Tony\AppData\Local\Temp\lwjglTony\3.3.1-build-7

VM Arguments:
jvm_args: -agentlib:jdwp=transport=dt_socket,address=127.0.0.1:56406,suspend=y,server=n -javaagent:C:\Users\Tony\AppData\Local\JetBrains\IdeaIC2023.1\captureAgent\debugger-agent.jar -Dfile.encoding=UTF-8 -Dsun.stdout.encoding=UTF-8 -Dsun.stderr.encoding=UTF-8 
java_command: javaTetris
java_class_path (initial): D:\Windows Default Folders\Documents\GitHub\javaTetris\target\classes;C:\Users\Tony\.m2\repository\org\lwjgl\lwjgl\3.3.1\lwjgl-3.3.1.jar;C:\Users\Tony\.m2\repository\org\lwjgl\lwjgl-assimp\3.3.1\lwjgl-assimp-3.3.1.jar;C:\Users\Tony\.m2\repository\org\lwjgl\lwjgl-glfw\3.3.1\lwjgl-glfw-3.3.1.jar;C:\Users\Tony\.m2\repository\org\lwjgl\lwjgl-openal\3.3.1\lwjgl-openal-3.3.1.jar;C:\Users\Tony\.m2\repository\org\lwjgl\lwjgl-opengl\3.3.1\lwjgl-opengl-3.3.1.jar;C:\Users\Tony\.m2\repository\org\lwjgl\lwjgl-stb\3.3.1\lwjgl-stb-3.3.1.jar;C:\Users\Tony\.m2\repository\org\lwjgl\lwjgl\3.3.1\lwjgl-3.3.1-natives-windows.jar;C:\Users\Tony\.m2\repository\org\lwjgl\lwjgl-assimp\3.3.1\lwjgl-assimp-3.3.1-natives-windows.jar;C:\Users\Tony\.m2\repository\org\lwjgl\lwjgl-glfw\3.3.1\lwjgl-glfw-3.3.1-natives-windows.jar;C:\Users\Tony\.m2\repository\org\lwjgl\lwjgl-openal\3.3.1\lwjgl-openal-3.3.1-natives-windows.jar;C:\Users\Tony\.m2\repository\org\lwjgl\lwjgl-opengl\3.3.1\lwjgl-opengl-3.3.1-natives-windows.jar;C:\Users\Tony\.m2\repository\org\lwjgl\lwjgl-stb\3.3.1\lwjgl-stb-3.3.1-natives-windows.jar;C:\Users\Tony\.m2\repository\io\github\eleanor-em\bagel\1.9.3\bagel-1.9.3.jar;C:\Program Files\JetBrains\IntelliJ IDEA Community Edition 2023.1.1\lib\idea_rt.jar
Launcher Type: SUN_STANDARD

[Global flags]
     intx CICompilerCount                          = 4                                         {product} {ergonomic}
     uint ConcGCThreads                            = 2                                         {product} {ergonomic}
     uint G1ConcRefinementThreads                  = 8                                         {product} {ergonomic}
   size_t G1HeapRegionSize                         = 2097152                                   {product} {ergonomic}
    uintx GCDrainStackTargetSize                   = 64                                        {product} {ergonomic}
   size_t InitialHeapSize                          = 268435456                                 {product} {ergonomic}
   size_t MarkStackSize                            = 4194304                                   {product} {ergonomic}
   size_t MaxHeapSize                              = 4284481536                                {product} {ergonomic}
   size_t MaxNewSize                               = 2569011200                                {product} {ergonomic}
   size_t MinHeapDeltaBytes                        = 2097152                                   {product} {ergonomic}
   size_t MinHeapSize                              = 8388608                                   {product} {ergonomic}
    uintx NonNMethodCodeHeapSize                   = 5839372                                {pd product} {ergonomic}
    uintx NonProfiledCodeHeapSize                  = 122909434                              {pd product} {ergonomic}
    uintx ProfiledCodeHeapSize                     = 122909434                              {pd product} {ergonomic}
    uintx ReservedCodeCacheSize                    = 251658240                              {pd product} {ergonomic}
     bool SegmentedCodeCache                       = true                                      {product} {ergonomic}
   size_t SoftMaxHeapSize                          = 4284481536                             {manageable} {ergonomic}
     bool UseCompressedClassPointers               = true                           {product lp64_product} {ergonomic}
     bool UseCompressedOops                        = true                           {product lp64_product} {ergonomic}
     bool UseG1GC                                  = true                                      {product} {ergonomic}
     bool UseLargePagesIndividualAllocation        = false                                  {pd product} {ergonomic}

Logging:
Log output configuration:
 #0: stdout all=warning uptime,level,tags foldmultilines=false
 #1: stderr all=off uptime,level,tags foldmultilines=false

Environment Variables:
PATH=C:\Program Files (x86)\Common Files\Oracle\Java\javapath;C:\Windows\system32;C:\Windows;C:\Windows\System32\Wbem;C:\Windows\System32\WindowsPowerShell\v1.0\;C:\Windows\System32\OpenSSH\;C:\Program Files\NVIDIA Corporation\NVIDIA NvDLISR;C:\Program Files\dotnet\;C:\Program Files (x86)\NVIDIA Corporation\PhysX\Common;C:\Program Files\Intel\WiFi\bin\;C:\Program Files\Common Files\Intel\WirelessCommon\;C:\Program Files\MATLAB\R2022a\bin;C:\Program Files\Git\cmd;C:\Users\Tony\AppData\Local\Microsoft\WindowsApps;C:\Users\Tony\.dotnet\tools;C:\Program Files\Intel\WiFi\bin\;C:\Program Files\Common Files\Intel\WirelessCommon\;C:\Users\Tony\AppData\Local\Programs\Microsoft VS Code\bin;C:\Users\Tony\AppData\Local\GitHubDesktop\bin
USERNAME=Tony
OS=Windows_NT
PROCESSOR_IDENTIFIER=AMD64 Family 23 Model 1 Stepping 1, AuthenticAMD
TMP=C:\Users\Tony\AppData\Local\Temp
TEMP=C:\Users\Tony\AppData\Local\Temp




---------------  S Y S T E M  ---------------

OS:
 Windows 10 , 64 bit Build 19041 (10.0.19041.2913)
OS uptime: 24 days 2:26 hours

CPU: total 8 (initial active 8) (8 cores per cpu, 2 threads per core) family 23 model 1 stepping 1 microcode 0x0, cx8, cmov, fxsr, ht, mmx, 3dnowpref, sse, sse2, sse3, ssse3, sse4a, sse4.1, sse4.2, popcnt, lzcnt, tsc, tscinvbit, avx, avx2, aes, clmul, bmi1, bmi2, adx, sha, fma, vzeroupper, clflush, clflushopt, rdtscp, f16c

Memory: 4k page, system-wide physical 16336M (6874M free)
TotalPageFile size 18768M (AvailPageFile size 4114M)
current process WorkingSet (physical memory assigned to process): 44M, peak: 44M
current process commit charge ("private bytes"): 344M, peak: 344M

vm_info: OpenJDK 64-Bit Server VM (20.0.1+9-29) for windows-amd64 JRE (20.0.1+9-29), built on 2023-03-07T13:56:11Z by "mach5one" with MS VC++ 17.1 (VS2022)

END.
