#
# A fatal error has been detected by the Java Runtime Environment:
#
#  EXCEPTION_ACCESS_VIOLATION (0xc0000005) at pc=0x00007ff98dbe682c, pid=21468, tid=17460
#
# JRE version: OpenJDK Runtime Environment (20.0+36) (build 20+36-2344)
# Java VM: OpenJDK 64-Bit Server VM (20+36-2344, mixed mode, sharing, tiered, compressed oops, compressed class ptrs, g1 gc, windows-amd64)
# Problematic frame:
# C  [jdwp.dll+0x2682c]
#
# No core dump will be written. Minidumps are not enabled by default on client versions of Windows
#
# If you would like to submit a bug report, please visit:
#   https://bugreport.java.com/bugreport/crash.jsp
# The crash happened outside the Java Virtual Machine in native code.
# See problematic frame for where to report the bug.
#

---------------  S U M M A R Y ------------

Command Line: -agentlib:jdwp=transport=dt_socket,address=127.0.0.1:62083,suspend=y,server=n -Dfile.encoding=UTF-8 -Dsun.stdout.encoding=UTF-8 -Dsun.stderr.encoding=UTF-8 javaTetris

Host: Intel(R) Core(TM) i7-1065G7 CPU @ 1.30GHz, 8 cores, 15G,  Windows 11 , 64 bit Build 22621 (10.0.22621.1635)
Time: Sat Jun 17 18:13:27 2023 AUS Eastern Standard Time elapsed time: 0.926585 seconds (0d 0h 0m 0s)

---------------  T H R E A D  ---------------

Current thread (0x000002185b459e90):  JavaThread "main" [_thread_in_native, id=17460, stack(0x00000042dbd00000,0x00000042dbe00000)]

Stack: [0x00000042dbd00000,0x00000042dbe00000],  sp=0x00000042dbdfe718,  free space=1017k
Native frames: (J=compiled Java code, j=interpreted, Vv=VM code, C=native code)
C  [jdwp.dll+0x2682c]

Java frames: (J=compiled Java code, j=interpreted, Vv=VM code)
j  org.lwjgl.glfw.GLFW.glfwInit()Z+0
j  bagel.AbstractGame.<clinit>()V+19
v  ~StubRoutines::call_stub 0x000002186aa410e7

siginfo: EXCEPTION_ACCESS_VIOLATION (0xc0000005), reading address 0xffffffffffffffff


Registers:
RAX=0x000002187f0d5010, RBX=0x000002187a964780, RCX=0x000002185b45a170, RDX=0x000002187a964780
RSP=0x00000042dbdfe718, RBP=0x0000000000000002, RSI=0x00000042dbdfe7c0, RDI=0x000002185b45a170
R8 =0x0000000000010002, R9 =0x0000000000000000, R10=0x00007ff98b9d0000, R11=0x00000042dbdfe6e8
R12=0x0000000000000007, R13=0x000002185b4455a0, R14=0x00007ff98dbf0300, R15=0x0000000000000000
RIP=0x00007ff98dbe682c, EFLAGS=0x0000000000010202


Register to memory mapping:

RIP=0x00007ff98dbe682c jdwp.dll
RAX=0x000002187f0d5010 points into unknown readable memory: 0x0000000000000000 | 00 00 00 00 00 00 00 00
RBX=0x000002187a964780 points into unknown readable memory: 0x0000000713409a80 | 80 9a 40 13 07 00 00 00
RCX=0x000002185b45a170 points into unknown readable memory: 0x000002187f0d5010 | 10 50 0d 7f 18 02 00 00
RDX=0x000002187a964780 points into unknown readable memory: 0x0000000713409a80 | 80 9a 40 13 07 00 00 00
RSP=0x00000042dbdfe718 is pointing into the stack for thread: 0x000002185b459e90
RBP=0x0000000000000002 is an unknown value
RSI=0x00000042dbdfe7c0 is pointing into the stack for thread: 0x000002185b459e90
RDI=0x000002185b45a170 points into unknown readable memory: 0x000002187f0d5010 | 10 50 0d 7f 18 02 00 00
R8 =0x0000000000010002 is an unknown value
R9 =0x0 is NULL
R10=0x00007ff98b9d0000 VCRUNTIME140.dll
R11=0x00000042dbdfe6e8 is pointing into the stack for thread: 0x000002185b459e90
R12=0x0000000000000007 is an unknown value
R13=0x000002185b4455a0 points into unknown readable memory: 0x00007ff90effe370 | 70 e3 ff 0e f9 7f 00 00
R14=0x00007ff98dbf0300 jdwp.dll
R15=0x0 is NULL


Top of Stack: (sp=0x00000042dbdfe718)
0x00000042dbdfe718:   00007ff98dbd611f 000002187a964780
0x00000042dbdfe728:   00000042dbdfe7c0 0000000000000000
0x00000042dbdfe738:   0000000000000000 00007ff90eff20b0
0x00000042dbdfe748:   0000000000004434 000002185920d228
0x00000042dbdfe758:   00007ff98dbf0348 000002187a964780
0x00000042dbdfe768:   00007ff98dbd279f 000002187a964780
0x00000042dbdfe778:   0000000000000002 000002185b45a170
0x00000042dbdfe788:   000002187a964788 00000042dbdfe920
0x00000042dbdfe798:   00007ff90ea4d4cd 000000080100fe9c
0x00000042dbdfe7a8:   00000042dbdfe920 00000042dbdfe920
0x00000042dbdfe7b8:   00007ff90eb411ef 0000000000000007
0x00000042dbdfe7c8:   000002187a964780 0000000000000000
0x00000042dbdfe7d8:   000002187a964788 0000000000000000
0x00000042dbdfe7e8:   0000000000000000 0000000000000000
0x00000042dbdfe7f8:   0000000000000000 0000000000000000
0x00000042dbdfe808:   0000000000000000 0000000000000000
0x00000042dbdfe818:   000002187a964780 000000080100fdf8
0x00000042dbdfe828:   00007ff90ea28f85 000002187a964788
0x00000042dbdfe838:   000002187ecc8ca0 000002185b459e90
0x00000042dbdfe848:   00007ff90ea4e6f5 000002185920d1e8
0x00000042dbdfe858:   00007ff90e878a26 0000000000000000
0x00000042dbdfe868:   000002185b455210 000002185b459e90
0x00000042dbdfe878:   000000080060e098 0000021859225f70
0x00000042dbdfe888:   000002185b45a3e0 000002185b45a3f0
0x00000042dbdfe898:   000002185b45a7c8 00000000000003d8
0x00000042dbdfe8a8:   000002185b459e90 000002185b459e90
0x00000042dbdfe8b8:   0000021859225530 000002185b457b90
0x00000042dbdfe8c8:   000002185b457bc0 000002185b457c78
0x00000042dbdfe8d8:   00000000000000d8 00000042dbdfe8f0
0x00000042dbdfe8e8:   00000042dbdfea20 000002185b459e90
0x00000042dbdfe8f8:   0000021859225530 000002185b457b90
0x00000042dbdfe908:   000002185b457bc0 000002185b457c78 

Instructions: (pc=0x00007ff98dbe682c)
0x00007ff98dbe672c:   05 ff 09 01 00 48 8b 03 48 8b d7 4d 8b 40 30 48
0x00007ff98dbe673c:   8b cb 48 8b 5c 24 30 48 83 c4 20 5f 48 ff a0 00
0x00007ff98dbe674c:   01 00 00 cc 48 89 5c 24 08 57 48 83 ec 20 48 8b
0x00007ff98dbe675c:   f9 e8 f2 ea ff ff 4c 8b 05 c7 09 01 00 48 8b d8
0x00007ff98dbe676c:   41 f6 80 10 02 00 00 02 74 33 41 b8 1f 06 00 00
0x00007ff98dbe677c:   48 8d 15 e5 c3 00 00 48 8d 0d 7a 5c 00 00 e8 71
0x00007ff98dbe678c:   49 ff ff 48 8d 15 62 9a 00 00 48 8d 0d 7b 5c 00
0x00007ff98dbe679c:   00 e8 06 4a ff ff 4c 8b 05 87 09 01 00 48 8b 03
0x00007ff98dbe67ac:   48 8b d7 4d 8b 40 38 48 8b cb 48 8b 5c 24 30 48
0x00007ff98dbe67bc:   83 c4 20 5f 48 ff a0 00 01 00 00 cc 48 89 5c 24
0x00007ff98dbe67cc:   08 57 48 83 ec 20 48 8b f9 e8 7a ea ff ff 48 8b
0x00007ff98dbe67dc:   15 4f 09 01 00 48 8b d8 f6 82 10 02 00 00 02 74
0x00007ff98dbe67ec:   2c 41 b8 11 06 00 00 48 8d 15 6e c3 00 00 48 8d
0x00007ff98dbe67fc:   0d 03 5c 00 00 e8 fa 48 ff ff 48 8d 15 e3 6c 00
0x00007ff98dbe680c:   00 48 8d 0d 04 5c 00 00 e8 8f 49 ff ff 48 8b 03
0x00007ff98dbe681c:   48 8b d7 48 8b cb 48 8b 5c 24 30 48 83 c4 20 5f
0x00007ff98dbe682c:   48 ff a0 50 07 00 00 cc 48 89 5c 24 08 48 89 74
0x00007ff98dbe683c:   24 10 48 89 7c 24 18 41 56 48 83 ec 20 4c 63 f2
0x00007ff98dbe684c:   49 8b d8 48 8b d1 41 8b f9 48 8b cb 4d 8d 46 ff
0x00007ff98dbe685c:   ff 15 0e 5a 00 00 85 c0 75 3c 41 0f be 44 1e ff
0x00007ff98dbe686c:   3b c7 75 32 49 03 de eb 10 0f be c8 ff 15 e2 59
0x00007ff98dbe687c:   00 00 85 c0 74 09 48 ff c3 8a 03 84 c0 75 ea 80
0x00007ff98dbe688c:   3b 3b 74 12 8b d7 48 8b cb e8 78 4a 00 00 48 85
0x00007ff98dbe689c:   c0 0f 94 c0 eb 02 32 c0 48 8b 5c 24 30 48 8b 74
0x00007ff98dbe68ac:   24 38 48 8b 7c 24 40 48 83 c4 20 41 5e c3 cc cc
0x00007ff98dbe68bc:   0f b6 d1 83 fa 1e 0f 87 83 00 00 00 74 7b 83 fa
0x00007ff98dbe68cc:   07 77 41 74 39 83 ea 01 74 2e 83 ea 01 74 23 83
0x00007ff98dbe68dc:   ea 01 74 18 83 ea 01 74 0d 83 fa 02 0f 85 8a 00
0x00007ff98dbe68ec:   00 00 8d 42 03 c3 b8 04 00 00 00 c3 b8 03 00 00
0x00007ff98dbe68fc:   00 c3 b8 02 00 00 00 c3 b8 01 00 00 00 c3 b8 06
0x00007ff98dbe690c:   00 00 00 c3 b8 08 00 00 00 2b d0 74 26 83 ea 01
0x00007ff98dbe691c:   0f 84 88 00 00 00 83 ea 01 74 12 b8 0a 00 00 00 


Stack slot to memory mapping:
stack at sp + 0 slots: 0x00007ff98dbd611f jdwp.dll
stack at sp + 1 slots: 0x000002187a964780 points into unknown readable memory: 0x0000000713409a80 | 80 9a 40 13 07 00 00 00
stack at sp + 2 slots: 0x00000042dbdfe7c0 is pointing into the stack for thread: 0x000002185b459e90
stack at sp + 3 slots: 0x0 is NULL
stack at sp + 4 slots: 0x0 is NULL
stack at sp + 5 slots: 0x00007ff90eff20b0 jvm.dll
stack at sp + 6 slots: 0x0000000000004434 is an unknown value
stack at sp + 7 slots: 0x000002185920d228 points into unknown readable memory: 0x8000000400000001 | 01 00 00 00 04 00 00 80


---------------  P R O C E S S  ---------------

Threads class SMR info:
_java_thread_list=0x000002187ed5b9b0, length=14, elements={
0x000002185b459e90, 0x000002187a9806a0, 0x000002187a981470, 0x000002187a986720,
0x000002187a987910, 0x000002187a98b630, 0x000002187a98d070, 0x000002187a995de0,
0x000002187a9baee0, 0x000002187ed28280, 0x000002187ed46690, 0x000002187ed48c00,
0x000002187ed521d0, 0x000002187ed53b70
}

Java Threads: ( => current thread )
=>0x000002185b459e90 JavaThread "main" [_thread_in_native, id=17460, stack(0x00000042dbd00000,0x00000042dbe00000)]
  0x000002187a9806a0 JavaThread "Reference Handler" daemon [_thread_blocked, id=19904, stack(0x00000042dc400000,0x00000042dc500000)]
  0x000002187a981470 JavaThread "Finalizer" daemon [_thread_blocked, id=22856, stack(0x00000042dc500000,0x00000042dc600000)]
  0x000002187a986720 JavaThread "Signal Dispatcher" daemon [_thread_blocked, id=25712, stack(0x00000042dc600000,0x00000042dc700000)]
  0x000002187a987910 JavaThread "Attach Listener" daemon [_thread_blocked, id=23704, stack(0x00000042dc700000,0x00000042dc800000)]
  0x000002187a98b630 JavaThread "Service Thread" daemon [_thread_blocked, id=6916, stack(0x00000042dc800000,0x00000042dc900000)]
  0x000002187a98d070 JavaThread "Monitor Deflation Thread" daemon [_thread_blocked, id=5252, stack(0x00000042dc900000,0x00000042dca00000)]
  0x000002187a995de0 JavaThread "C2 CompilerThread0" daemon [_thread_blocked, id=4084, stack(0x00000042dca00000,0x00000042dcb00000)]
  0x000002187a9baee0 JavaThread "C1 CompilerThread0" daemon [_thread_blocked, id=20088, stack(0x00000042dcb00000,0x00000042dcc00000)]
  0x000002187ed28280 JavaThread "JDWP Transport Listener: dt_socket" daemon [_thread_blocked, id=20116, stack(0x00000042dcc00000,0x00000042dcd00000)]
  0x000002187ed46690 JavaThread "JDWP Event Helper Thread" daemon [_thread_blocked, id=18916, stack(0x00000042dcd00000,0x00000042dce00000)]
  0x000002187ed48c00 JavaThread "JDWP Command Reader" daemon [_thread_in_native, id=22448, stack(0x00000042dce00000,0x00000042dcf00000)]
  0x000002187ed521d0 JavaThread "Notification Thread" daemon [_thread_blocked, id=21896, stack(0x00000042dcf00000,0x00000042dd000000)]
  0x000002187ed53b70 JavaThread "Common-Cleaner" daemon [_thread_blocked, id=26592, stack(0x00000042dd100000,0x00000042dd200000)]

Other Threads:
  0x000002187a963ff0 VMThread "VM Thread" [stack: 0x00000042dc300000,0x00000042dc400000] [id=14964]
  0x000002187ed4f5c0 WatcherThread "VM Periodic Task Thread" [stack: 0x00000042dd000000,0x00000042dd100000] [id=12924]
  0x000002185b4cbc20 WorkerThread "GC Thread#0" [stack: 0x00000042dbe00000,0x00000042dbf00000] [id=26324]
  0x000002185b4dc7b0 ConcurrentGCThread "G1 Main Marker" [stack: 0x00000042dbf00000,0x00000042dc000000] [id=17988]
  0x000002185b4dd1e0 WorkerThread "G1 Conc#0" [stack: 0x00000042dc000000,0x00000042dc100000] [id=16556]
  0x000002185b51eb40 ConcurrentGCThread "G1 Refine#0" [stack: 0x00000042dc100000,0x00000042dc200000] [id=21540]
  0x000002187a826670 ConcurrentGCThread "G1 Service" [stack: 0x00000042dc200000,0x00000042dc300000] [id=3800]

Threads with active compile tasks:

VM state: not at safepoint (normal execution)

VM Mutex/Monitor currently owned by a thread: None

Heap address: 0x0000000703800000, size: 4040 MB, Compressed Oops mode: Zero based, Oop shift amount: 3

CDS archive(s) mapped at: [0x0000000800000000-0x0000000800c60000-0x0000000800c60000), size 12976128, SharedBaseAddress: 0x0000000800000000, ArchiveRelocationMode: 0.
Compressed class space mapped at: 0x0000000801000000-0x0000000841000000, reserved size: 1073741824
Narrow klass base: 0x0000000800000000, Narrow klass shift: 0, Narrow klass range: 0x100000000

GC Precious Log:
 CardTable entry size: 512
 Card Set container configuration: InlinePtr #cards 4 size 8 Array Of Cards #cards 16 size 48 Howl #buckets 8 coarsen threshold 3686 Howl Bitmap #cards 512 size 80 coarsen threshold 460 Card regions per heap region 1 cards per card region 4096
 CPUs: 8 total, 8 available
 Memory: 16153M
 Large Page Support: Disabled
 NUMA Support: Disabled
 Compressed Oops: Enabled (Zero based)
 Heap Region Size: 2M
 Heap Min Capacity: 8M
 Heap Initial Capacity: 254M
 Heap Max Capacity: 4040M
 Pre-touch: Disabled
 Parallel Workers: 8
 Concurrent Workers: 2
 Concurrent Refinement Workers: 8
 Periodic GC: Disabled

Heap:
 garbage-first heap   total 260096K, used 4096K [0x0000000703800000, 0x0000000800000000)
  region size 2048K, 3 young (6144K), 0 survivors (0K)
 Metaspace       used 1697K, committed 1920K, reserved 1114112K
  class space    used 132K, committed 256K, reserved 1048576K

Heap Regions: E=young(eden), S=young(survivor), O=old, HS=humongous(starts), HC=humongous(continues), CS=collection set, F=free, OA=open archive, CA=closed archive, TAMS=top-at-mark-start, PB=parsable bottom
|   0|0x0000000703800000, 0x0000000703800000, 0x0000000703a00000|  0%| F|  |TAMS 0x0000000703800000| PB 0x0000000703800000| Untracked 
|   1|0x0000000703a00000, 0x0000000703a00000, 0x0000000703c00000|  0%| F|  |TAMS 0x0000000703a00000| PB 0x0000000703a00000| Untracked 
|   2|0x0000000703c00000, 0x0000000703c00000, 0x0000000703e00000|  0%| F|  |TAMS 0x0000000703c00000| PB 0x0000000703c00000| Untracked 
|   3|0x0000000703e00000, 0x0000000703e00000, 0x0000000704000000|  0%| F|  |TAMS 0x0000000703e00000| PB 0x0000000703e00000| Untracked 
|   4|0x0000000704000000, 0x0000000704000000, 0x0000000704200000|  0%| F|  |TAMS 0x0000000704000000| PB 0x0000000704000000| Untracked 
|   5|0x0000000704200000, 0x0000000704200000, 0x0000000704400000|  0%| F|  |TAMS 0x0000000704200000| PB 0x0000000704200000| Untracked 
|   6|0x0000000704400000, 0x0000000704400000, 0x0000000704600000|  0%| F|  |TAMS 0x0000000704400000| PB 0x0000000704400000| Untracked 
|   7|0x0000000704600000, 0x0000000704600000, 0x0000000704800000|  0%| F|  |TAMS 0x0000000704600000| PB 0x0000000704600000| Untracked 
|   8|0x0000000704800000, 0x0000000704800000, 0x0000000704a00000|  0%| F|  |TAMS 0x0000000704800000| PB 0x0000000704800000| Untracked 
|   9|0x0000000704a00000, 0x0000000704a00000, 0x0000000704c00000|  0%| F|  |TAMS 0x0000000704a00000| PB 0x0000000704a00000| Untracked 
|  10|0x0000000704c00000, 0x0000000704c00000, 0x0000000704e00000|  0%| F|  |TAMS 0x0000000704c00000| PB 0x0000000704c00000| Untracked 
|  11|0x0000000704e00000, 0x0000000704e00000, 0x0000000705000000|  0%| F|  |TAMS 0x0000000704e00000| PB 0x0000000704e00000| Untracked 
|  12|0x0000000705000000, 0x0000000705000000, 0x0000000705200000|  0%| F|  |TAMS 0x0000000705000000| PB 0x0000000705000000| Untracked 
|  13|0x0000000705200000, 0x0000000705200000, 0x0000000705400000|  0%| F|  |TAMS 0x0000000705200000| PB 0x0000000705200000| Untracked 
|  14|0x0000000705400000, 0x0000000705400000, 0x0000000705600000|  0%| F|  |TAMS 0x0000000705400000| PB 0x0000000705400000| Untracked 
|  15|0x0000000705600000, 0x0000000705600000, 0x0000000705800000|  0%| F|  |TAMS 0x0000000705600000| PB 0x0000000705600000| Untracked 
|  16|0x0000000705800000, 0x0000000705800000, 0x0000000705a00000|  0%| F|  |TAMS 0x0000000705800000| PB 0x0000000705800000| Untracked 
|  17|0x0000000705a00000, 0x0000000705a00000, 0x0000000705c00000|  0%| F|  |TAMS 0x0000000705a00000| PB 0x0000000705a00000| Untracked 
|  18|0x0000000705c00000, 0x0000000705c00000, 0x0000000705e00000|  0%| F|  |TAMS 0x0000000705c00000| PB 0x0000000705c00000| Untracked 
|  19|0x0000000705e00000, 0x0000000705e00000, 0x0000000706000000|  0%| F|  |TAMS 0x0000000705e00000| PB 0x0000000705e00000| Untracked 
|  20|0x0000000706000000, 0x0000000706000000, 0x0000000706200000|  0%| F|  |TAMS 0x0000000706000000| PB 0x0000000706000000| Untracked 
|  21|0x0000000706200000, 0x0000000706200000, 0x0000000706400000|  0%| F|  |TAMS 0x0000000706200000| PB 0x0000000706200000| Untracked 
|  22|0x0000000706400000, 0x0000000706400000, 0x0000000706600000|  0%| F|  |TAMS 0x0000000706400000| PB 0x0000000706400000| Untracked 
|  23|0x0000000706600000, 0x0000000706600000, 0x0000000706800000|  0%| F|  |TAMS 0x0000000706600000| PB 0x0000000706600000| Untracked 
|  24|0x0000000706800000, 0x0000000706800000, 0x0000000706a00000|  0%| F|  |TAMS 0x0000000706800000| PB 0x0000000706800000| Untracked 
|  25|0x0000000706a00000, 0x0000000706a00000, 0x0000000706c00000|  0%| F|  |TAMS 0x0000000706a00000| PB 0x0000000706a00000| Untracked 
|  26|0x0000000706c00000, 0x0000000706c00000, 0x0000000706e00000|  0%| F|  |TAMS 0x0000000706c00000| PB 0x0000000706c00000| Untracked 
|  27|0x0000000706e00000, 0x0000000706e00000, 0x0000000707000000|  0%| F|  |TAMS 0x0000000706e00000| PB 0x0000000706e00000| Untracked 
|  28|0x0000000707000000, 0x0000000707000000, 0x0000000707200000|  0%| F|  |TAMS 0x0000000707000000| PB 0x0000000707000000| Untracked 
|  29|0x0000000707200000, 0x0000000707200000, 0x0000000707400000|  0%| F|  |TAMS 0x0000000707200000| PB 0x0000000707200000| Untracked 
|  30|0x0000000707400000, 0x0000000707400000, 0x0000000707600000|  0%| F|  |TAMS 0x0000000707400000| PB 0x0000000707400000| Untracked 
|  31|0x0000000707600000, 0x0000000707600000, 0x0000000707800000|  0%| F|  |TAMS 0x0000000707600000| PB 0x0000000707600000| Untracked 
|  32|0x0000000707800000, 0x0000000707800000, 0x0000000707a00000|  0%| F|  |TAMS 0x0000000707800000| PB 0x0000000707800000| Untracked 
|  33|0x0000000707a00000, 0x0000000707a00000, 0x0000000707c00000|  0%| F|  |TAMS 0x0000000707a00000| PB 0x0000000707a00000| Untracked 
|  34|0x0000000707c00000, 0x0000000707c00000, 0x0000000707e00000|  0%| F|  |TAMS 0x0000000707c00000| PB 0x0000000707c00000| Untracked 
|  35|0x0000000707e00000, 0x0000000707e00000, 0x0000000708000000|  0%| F|  |TAMS 0x0000000707e00000| PB 0x0000000707e00000| Untracked 
|  36|0x0000000708000000, 0x0000000708000000, 0x0000000708200000|  0%| F|  |TAMS 0x0000000708000000| PB 0x0000000708000000| Untracked 
|  37|0x0000000708200000, 0x0000000708200000, 0x0000000708400000|  0%| F|  |TAMS 0x0000000708200000| PB 0x0000000708200000| Untracked 
|  38|0x0000000708400000, 0x0000000708400000, 0x0000000708600000|  0%| F|  |TAMS 0x0000000708400000| PB 0x0000000708400000| Untracked 
|  39|0x0000000708600000, 0x0000000708600000, 0x0000000708800000|  0%| F|  |TAMS 0x0000000708600000| PB 0x0000000708600000| Untracked 
|  40|0x0000000708800000, 0x0000000708800000, 0x0000000708a00000|  0%| F|  |TAMS 0x0000000708800000| PB 0x0000000708800000| Untracked 
|  41|0x0000000708a00000, 0x0000000708a00000, 0x0000000708c00000|  0%| F|  |TAMS 0x0000000708a00000| PB 0x0000000708a00000| Untracked 
|  42|0x0000000708c00000, 0x0000000708c00000, 0x0000000708e00000|  0%| F|  |TAMS 0x0000000708c00000| PB 0x0000000708c00000| Untracked 
|  43|0x0000000708e00000, 0x0000000708e00000, 0x0000000709000000|  0%| F|  |TAMS 0x0000000708e00000| PB 0x0000000708e00000| Untracked 
|  44|0x0000000709000000, 0x0000000709000000, 0x0000000709200000|  0%| F|  |TAMS 0x0000000709000000| PB 0x0000000709000000| Untracked 
|  45|0x0000000709200000, 0x0000000709200000, 0x0000000709400000|  0%| F|  |TAMS 0x0000000709200000| PB 0x0000000709200000| Untracked 
|  46|0x0000000709400000, 0x0000000709400000, 0x0000000709600000|  0%| F|  |TAMS 0x0000000709400000| PB 0x0000000709400000| Untracked 
|  47|0x0000000709600000, 0x0000000709600000, 0x0000000709800000|  0%| F|  |TAMS 0x0000000709600000| PB 0x0000000709600000| Untracked 
|  48|0x0000000709800000, 0x0000000709800000, 0x0000000709a00000|  0%| F|  |TAMS 0x0000000709800000| PB 0x0000000709800000| Untracked 
|  49|0x0000000709a00000, 0x0000000709a00000, 0x0000000709c00000|  0%| F|  |TAMS 0x0000000709a00000| PB 0x0000000709a00000| Untracked 
|  50|0x0000000709c00000, 0x0000000709c00000, 0x0000000709e00000|  0%| F|  |TAMS 0x0000000709c00000| PB 0x0000000709c00000| Untracked 
|  51|0x0000000709e00000, 0x0000000709e00000, 0x000000070a000000|  0%| F|  |TAMS 0x0000000709e00000| PB 0x0000000709e00000| Untracked 
|  52|0x000000070a000000, 0x000000070a000000, 0x000000070a200000|  0%| F|  |TAMS 0x000000070a000000| PB 0x000000070a000000| Untracked 
|  53|0x000000070a200000, 0x000000070a200000, 0x000000070a400000|  0%| F|  |TAMS 0x000000070a200000| PB 0x000000070a200000| Untracked 
|  54|0x000000070a400000, 0x000000070a400000, 0x000000070a600000|  0%| F|  |TAMS 0x000000070a400000| PB 0x000000070a400000| Untracked 
|  55|0x000000070a600000, 0x000000070a600000, 0x000000070a800000|  0%| F|  |TAMS 0x000000070a600000| PB 0x000000070a600000| Untracked 
|  56|0x000000070a800000, 0x000000070a800000, 0x000000070aa00000|  0%| F|  |TAMS 0x000000070a800000| PB 0x000000070a800000| Untracked 
|  57|0x000000070aa00000, 0x000000070aa00000, 0x000000070ac00000|  0%| F|  |TAMS 0x000000070aa00000| PB 0x000000070aa00000| Untracked 
|  58|0x000000070ac00000, 0x000000070ac00000, 0x000000070ae00000|  0%| F|  |TAMS 0x000000070ac00000| PB 0x000000070ac00000| Untracked 
|  59|0x000000070ae00000, 0x000000070ae00000, 0x000000070b000000|  0%| F|  |TAMS 0x000000070ae00000| PB 0x000000070ae00000| Untracked 
|  60|0x000000070b000000, 0x000000070b000000, 0x000000070b200000|  0%| F|  |TAMS 0x000000070b000000| PB 0x000000070b000000| Untracked 
|  61|0x000000070b200000, 0x000000070b200000, 0x000000070b400000|  0%| F|  |TAMS 0x000000070b200000| PB 0x000000070b200000| Untracked 
|  62|0x000000070b400000, 0x000000070b400000, 0x000000070b600000|  0%| F|  |TAMS 0x000000070b400000| PB 0x000000070b400000| Untracked 
|  63|0x000000070b600000, 0x000000070b600000, 0x000000070b800000|  0%| F|  |TAMS 0x000000070b600000| PB 0x000000070b600000| Untracked 
|  64|0x000000070b800000, 0x000000070b800000, 0x000000070ba00000|  0%| F|  |TAMS 0x000000070b800000| PB 0x000000070b800000| Untracked 
|  65|0x000000070ba00000, 0x000000070ba00000, 0x000000070bc00000|  0%| F|  |TAMS 0x000000070ba00000| PB 0x000000070ba00000| Untracked 
|  66|0x000000070bc00000, 0x000000070bc00000, 0x000000070be00000|  0%| F|  |TAMS 0x000000070bc00000| PB 0x000000070bc00000| Untracked 
|  67|0x000000070be00000, 0x000000070be00000, 0x000000070c000000|  0%| F|  |TAMS 0x000000070be00000| PB 0x000000070be00000| Untracked 
|  68|0x000000070c000000, 0x000000070c000000, 0x000000070c200000|  0%| F|  |TAMS 0x000000070c000000| PB 0x000000070c000000| Untracked 
|  69|0x000000070c200000, 0x000000070c200000, 0x000000070c400000|  0%| F|  |TAMS 0x000000070c200000| PB 0x000000070c200000| Untracked 
|  70|0x000000070c400000, 0x000000070c400000, 0x000000070c600000|  0%| F|  |TAMS 0x000000070c400000| PB 0x000000070c400000| Untracked 
|  71|0x000000070c600000, 0x000000070c600000, 0x000000070c800000|  0%| F|  |TAMS 0x000000070c600000| PB 0x000000070c600000| Untracked 
|  72|0x000000070c800000, 0x000000070c800000, 0x000000070ca00000|  0%| F|  |TAMS 0x000000070c800000| PB 0x000000070c800000| Untracked 
|  73|0x000000070ca00000, 0x000000070ca00000, 0x000000070cc00000|  0%| F|  |TAMS 0x000000070ca00000| PB 0x000000070ca00000| Untracked 
|  74|0x000000070cc00000, 0x000000070cc00000, 0x000000070ce00000|  0%| F|  |TAMS 0x000000070cc00000| PB 0x000000070cc00000| Untracked 
|  75|0x000000070ce00000, 0x000000070ce00000, 0x000000070d000000|  0%| F|  |TAMS 0x000000070ce00000| PB 0x000000070ce00000| Untracked 
|  76|0x000000070d000000, 0x000000070d000000, 0x000000070d200000|  0%| F|  |TAMS 0x000000070d000000| PB 0x000000070d000000| Untracked 
|  77|0x000000070d200000, 0x000000070d200000, 0x000000070d400000|  0%| F|  |TAMS 0x000000070d200000| PB 0x000000070d200000| Untracked 
|  78|0x000000070d400000, 0x000000070d400000, 0x000000070d600000|  0%| F|  |TAMS 0x000000070d400000| PB 0x000000070d400000| Untracked 
|  79|0x000000070d600000, 0x000000070d600000, 0x000000070d800000|  0%| F|  |TAMS 0x000000070d600000| PB 0x000000070d600000| Untracked 
|  80|0x000000070d800000, 0x000000070d800000, 0x000000070da00000|  0%| F|  |TAMS 0x000000070d800000| PB 0x000000070d800000| Untracked 
|  81|0x000000070da00000, 0x000000070da00000, 0x000000070dc00000|  0%| F|  |TAMS 0x000000070da00000| PB 0x000000070da00000| Untracked 
|  82|0x000000070dc00000, 0x000000070dc00000, 0x000000070de00000|  0%| F|  |TAMS 0x000000070dc00000| PB 0x000000070dc00000| Untracked 
|  83|0x000000070de00000, 0x000000070de00000, 0x000000070e000000|  0%| F|  |TAMS 0x000000070de00000| PB 0x000000070de00000| Untracked 
|  84|0x000000070e000000, 0x000000070e000000, 0x000000070e200000|  0%| F|  |TAMS 0x000000070e000000| PB 0x000000070e000000| Untracked 
|  85|0x000000070e200000, 0x000000070e200000, 0x000000070e400000|  0%| F|  |TAMS 0x000000070e200000| PB 0x000000070e200000| Untracked 
|  86|0x000000070e400000, 0x000000070e400000, 0x000000070e600000|  0%| F|  |TAMS 0x000000070e400000| PB 0x000000070e400000| Untracked 
|  87|0x000000070e600000, 0x000000070e600000, 0x000000070e800000|  0%| F|  |TAMS 0x000000070e600000| PB 0x000000070e600000| Untracked 
|  88|0x000000070e800000, 0x000000070e800000, 0x000000070ea00000|  0%| F|  |TAMS 0x000000070e800000| PB 0x000000070e800000| Untracked 
|  89|0x000000070ea00000, 0x000000070ea00000, 0x000000070ec00000|  0%| F|  |TAMS 0x000000070ea00000| PB 0x000000070ea00000| Untracked 
|  90|0x000000070ec00000, 0x000000070ec00000, 0x000000070ee00000|  0%| F|  |TAMS 0x000000070ec00000| PB 0x000000070ec00000| Untracked 
|  91|0x000000070ee00000, 0x000000070ee00000, 0x000000070f000000|  0%| F|  |TAMS 0x000000070ee00000| PB 0x000000070ee00000| Untracked 
|  92|0x000000070f000000, 0x000000070f000000, 0x000000070f200000|  0%| F|  |TAMS 0x000000070f000000| PB 0x000000070f000000| Untracked 
|  93|0x000000070f200000, 0x000000070f200000, 0x000000070f400000|  0%| F|  |TAMS 0x000000070f200000| PB 0x000000070f200000| Untracked 
|  94|0x000000070f400000, 0x000000070f400000, 0x000000070f600000|  0%| F|  |TAMS 0x000000070f400000| PB 0x000000070f400000| Untracked 
|  95|0x000000070f600000, 0x000000070f600000, 0x000000070f800000|  0%| F|  |TAMS 0x000000070f600000| PB 0x000000070f600000| Untracked 
|  96|0x000000070f800000, 0x000000070f800000, 0x000000070fa00000|  0%| F|  |TAMS 0x000000070f800000| PB 0x000000070f800000| Untracked 
|  97|0x000000070fa00000, 0x000000070fa00000, 0x000000070fc00000|  0%| F|  |TAMS 0x000000070fa00000| PB 0x000000070fa00000| Untracked 
|  98|0x000000070fc00000, 0x000000070fc00000, 0x000000070fe00000|  0%| F|  |TAMS 0x000000070fc00000| PB 0x000000070fc00000| Untracked 
|  99|0x000000070fe00000, 0x000000070fe00000, 0x0000000710000000|  0%| F|  |TAMS 0x000000070fe00000| PB 0x000000070fe00000| Untracked 
| 100|0x0000000710000000, 0x0000000710000000, 0x0000000710200000|  0%| F|  |TAMS 0x0000000710000000| PB 0x0000000710000000| Untracked 
| 101|0x0000000710200000, 0x0000000710200000, 0x0000000710400000|  0%| F|  |TAMS 0x0000000710200000| PB 0x0000000710200000| Untracked 
| 102|0x0000000710400000, 0x0000000710400000, 0x0000000710600000|  0%| F|  |TAMS 0x0000000710400000| PB 0x0000000710400000| Untracked 
| 103|0x0000000710600000, 0x0000000710600000, 0x0000000710800000|  0%| F|  |TAMS 0x0000000710600000| PB 0x0000000710600000| Untracked 
| 104|0x0000000710800000, 0x0000000710800000, 0x0000000710a00000|  0%| F|  |TAMS 0x0000000710800000| PB 0x0000000710800000| Untracked 
| 105|0x0000000710a00000, 0x0000000710a00000, 0x0000000710c00000|  0%| F|  |TAMS 0x0000000710a00000| PB 0x0000000710a00000| Untracked 
| 106|0x0000000710c00000, 0x0000000710c00000, 0x0000000710e00000|  0%| F|  |TAMS 0x0000000710c00000| PB 0x0000000710c00000| Untracked 
| 107|0x0000000710e00000, 0x0000000710e00000, 0x0000000711000000|  0%| F|  |TAMS 0x0000000710e00000| PB 0x0000000710e00000| Untracked 
| 108|0x0000000711000000, 0x0000000711000000, 0x0000000711200000|  0%| F|  |TAMS 0x0000000711000000| PB 0x0000000711000000| Untracked 
| 109|0x0000000711200000, 0x0000000711200000, 0x0000000711400000|  0%| F|  |TAMS 0x0000000711200000| PB 0x0000000711200000| Untracked 
| 110|0x0000000711400000, 0x0000000711400000, 0x0000000711600000|  0%| F|  |TAMS 0x0000000711400000| PB 0x0000000711400000| Untracked 
| 111|0x0000000711600000, 0x0000000711600000, 0x0000000711800000|  0%| F|  |TAMS 0x0000000711600000| PB 0x0000000711600000| Untracked 
| 112|0x0000000711800000, 0x0000000711800000, 0x0000000711a00000|  0%| F|  |TAMS 0x0000000711800000| PB 0x0000000711800000| Untracked 
| 113|0x0000000711a00000, 0x0000000711a00000, 0x0000000711c00000|  0%| F|  |TAMS 0x0000000711a00000| PB 0x0000000711a00000| Untracked 
| 114|0x0000000711c00000, 0x0000000711c00000, 0x0000000711e00000|  0%| F|  |TAMS 0x0000000711c00000| PB 0x0000000711c00000| Untracked 
| 115|0x0000000711e00000, 0x0000000711e00000, 0x0000000712000000|  0%| F|  |TAMS 0x0000000711e00000| PB 0x0000000711e00000| Untracked 
| 116|0x0000000712000000, 0x0000000712000000, 0x0000000712200000|  0%| F|  |TAMS 0x0000000712000000| PB 0x0000000712000000| Untracked 
| 117|0x0000000712200000, 0x0000000712200000, 0x0000000712400000|  0%| F|  |TAMS 0x0000000712200000| PB 0x0000000712200000| Untracked 
| 118|0x0000000712400000, 0x0000000712400000, 0x0000000712600000|  0%| F|  |TAMS 0x0000000712400000| PB 0x0000000712400000| Untracked 
| 119|0x0000000712600000, 0x0000000712600000, 0x0000000712800000|  0%| F|  |TAMS 0x0000000712600000| PB 0x0000000712600000| Untracked 
| 120|0x0000000712800000, 0x0000000712800000, 0x0000000712a00000|  0%| F|  |TAMS 0x0000000712800000| PB 0x0000000712800000| Untracked 
| 121|0x0000000712a00000, 0x0000000712a00000, 0x0000000712c00000|  0%| F|  |TAMS 0x0000000712a00000| PB 0x0000000712a00000| Untracked 
| 122|0x0000000712c00000, 0x0000000712c00000, 0x0000000712e00000|  0%| F|  |TAMS 0x0000000712c00000| PB 0x0000000712c00000| Untracked 
| 123|0x0000000712e00000, 0x0000000712e00000, 0x0000000713000000|  0%| F|  |TAMS 0x0000000712e00000| PB 0x0000000712e00000| Untracked 
| 124|0x0000000713000000, 0x00000007130e2110, 0x0000000713200000| 44%| E|  |TAMS 0x0000000713000000| PB 0x0000000713000000| Complete 
| 125|0x0000000713200000, 0x0000000713400000, 0x0000000713400000|100%| E|CS|TAMS 0x0000000713200000| PB 0x0000000713200000| Complete 
| 126|0x0000000713400000, 0x0000000713600000, 0x0000000713600000|100%| E|CS|TAMS 0x0000000713400000| PB 0x0000000713400000| Complete 

Card table byte_map: [0x0000021873040000,0x0000021873830000] _byte_map_base: 0x000002186f824000

Marking Bits: (CMBitMap*) 0x000002185b4cc250
 Bits: [0x0000021874020000, 0x0000021877f40000)

Polling page: 0x00000218593e0000

Metaspace:

Usage:
  Non-class:      1.53 MB used.
      Class:    132.16 KB used.
       Both:      1.66 MB used.

Virtual space:
  Non-class space:       64.00 MB reserved,       1.62 MB (  3%) committed,  1 nodes.
      Class space:        1.00 GB reserved,     256.00 KB ( <1%) committed,  1 nodes.
             Both:        1.06 GB reserved,       1.88 MB ( <1%) committed. 

Chunk freelists:
   Non-Class:  3.42 MB
       Class:  3.68 MB
        Both:  7.11 MB

MaxMetaspaceSize: unlimited
CompressedClassSpaceSize: 1.00 GB
Initial GC threshold: 21.00 MB
Current GC threshold: 21.00 MB
CDS: on
MetaspaceReclaimPolicy: balanced
 - commit_granule_bytes: 65536.
 - commit_granule_words: 8192.
 - virtual_space_node_default_size: 8388608.
 - enlarge_chunks_in_place: 1.
 - new_chunks_are_fully_committed: 0.
 - uncommit_free_chunks: 1.
 - use_allocation_guard: 0.


Internal statistics:

num_allocs_failed_limit: 0.
num_arena_births: 60.
num_arena_deaths: 0.
num_vsnodes_births: 2.
num_vsnodes_deaths: 0.
num_space_committed: 30.
num_space_uncommitted: 0.
num_chunks_returned_to_freelist: 0.
num_chunks_taken_from_freelist: 103.
num_chunk_merges: 0.
num_chunk_splits: 60.
num_chunks_enlarged: 38.
num_inconsistent_stats: 0.

CodeHeap 'non-profiled nmethods': size=120000Kb used=109Kb max_used=109Kb free=119890Kb
 bounds [0x000002186afe0000, 0x000002186b250000, 0x0000021872510000]
CodeHeap 'profiled nmethods': size=120000Kb used=474Kb max_used=474Kb free=119525Kb
 bounds [0x0000021863510000, 0x0000021863780000, 0x000002186aa40000]
CodeHeap 'non-nmethods': size=5760Kb used=1548Kb max_used=1562Kb free=4211Kb
 bounds [0x000002186aa40000, 0x000002186acb0000, 0x000002186afe0000]
 total_blobs=795 nmethods=362 adapters=344
 compilation: enabled
              stopped_count=0, restarted_count=0
 full_count=0

Compilation events (20 events):
Event: 0.894 Thread 0x000002187a9baee0  353       1       java.lang.Class::getModule (5 bytes)
Event: 0.894 Thread 0x000002187a9baee0 nmethod 353 0x000002186affae90 code [0x000002186affb000, 0x000002186affb0d0]
Event: 0.896 Thread 0x000002187a9baee0  354       3       jdk.internal.jimage.ImageStringsReader::hashCode (33 bytes)
Event: 0.896 Thread 0x000002187a995de0  355       4       java.util.concurrent.ConcurrentHashMap::tabAt (22 bytes)
Event: 0.896 Thread 0x000002187a9baee0 nmethod 354 0x0000021863583810 code [0x00000218635839a0, 0x0000021863583b10]
Event: 0.896 Thread 0x000002187a9baee0  356   !   3       java.nio.DirectIntBufferU::get (34 bytes)
Event: 0.896 Thread 0x000002187a995de0 nmethod 355 0x000002186affb190 code [0x000002186affb300, 0x000002186affb378]
Event: 0.897 Thread 0x000002187a9baee0 nmethod 356 0x0000021863583c10 code [0x0000021863583e60, 0x0000021863584838]
Event: 0.897 Thread 0x000002187a9baee0  357       3       java.nio.DirectIntBufferU::ix (10 bytes)
Event: 0.897 Thread 0x000002187a9baee0 nmethod 357 0x0000021863584d90 code [0x0000021863584f20, 0x0000021863585040]
Event: 0.897 Thread 0x000002187a9baee0  358   !   3       jdk.internal.misc.ScopedMemoryAccess::getInt (16 bytes)
Event: 0.897 Thread 0x000002187a9baee0 nmethod 358 0x0000021863585110 code [0x00000218635852e0, 0x00000218635856e0]
Event: 0.897 Thread 0x000002187a9baee0  359   !   3       jdk.internal.misc.ScopedMemoryAccess::getIntInternal (34 bytes)
Event: 0.898 Thread 0x000002187a9baee0 nmethod 359 0x0000021863585910 code [0x0000021863585ac0, 0x0000021863585d60]
Event: 0.898 Thread 0x000002187a9baee0  360       3       java.util.concurrent.ConcurrentHashMap$BaseIterator::hasNext (13 bytes)
Event: 0.898 Thread 0x000002187a9baee0 nmethod 360 0x0000021863585f10 code [0x00000218635860a0, 0x0000021863586210]
Event: 0.898 Thread 0x000002187a9baee0  362       1       java.security.CodeSource::getLocationNoFragString (5 bytes)
Event: 0.898 Thread 0x000002187a9baee0 nmethod 362 0x000002186affb490 code [0x000002186affb600, 0x000002186affb6d0]
Event: 0.898 Thread 0x000002187a9baee0  361       3       java.util.zip.CRC32::update (38 bytes)
Event: 0.898 Thread 0x000002187a9baee0 nmethod 361 0x0000021863586290 code [0x0000021863586480, 0x00000218635868c0]

GC Heap History (0 events):
No events

Dll operation events (7 events):
Event: 0.012 Loaded shared library C:\Users\Tony W\.jdks\openjdk-20\bin\java.dll
Event: 0.024 Loaded shared library C:\Users\Tony W\.jdks\openjdk-20\bin\jsvml.dll
Event: 0.664 Loaded shared library C:\Users\Tony W\.jdks\openjdk-20\bin\net.dll
Event: 0.666 Loaded shared library C:\Users\Tony W\.jdks\openjdk-20\bin\nio.dll
Event: 0.676 Loaded shared library C:\Users\Tony W\.jdks\openjdk-20\bin\zip.dll
Event: 0.796 Loaded shared library C:\Users\Tony W\.jdks\openjdk-20\bin\jimage.dll
Event: 0.834 Loaded shared library C:\Users\Tony W\AppData\Local\Temp\lwjglTony W\3.3.1-build-7\lwjgl.dll

Deoptimization events (0 events):
No events

Classes loaded (20 events):
Event: 0.860 Loading class java/nio/DirectCharBufferU
Event: 0.860 Loading class java/nio/DirectCharBufferU done
Event: 0.860 Loading class java/nio/DirectFloatBufferU
Event: 0.861 Loading class java/nio/DirectFloatBufferU done
Event: 0.861 Loading class java/nio/DirectDoubleBufferU
Event: 0.862 Loading class java/nio/DirectDoubleBufferU done
Event: 0.862 Loading class sun/misc/Unsafe
Event: 0.862 Loading class sun/misc/Unsafe done
Event: 0.864 Loading class java/lang/invoke/DirectMethodHandle$StaticAccessor
Event: 0.864 Loading class java/lang/invoke/DirectMethodHandle$StaticAccessor done
Event: 0.868 Loading class java/util/function/LongPredicate
Event: 0.868 Loading class java/util/function/LongPredicate done
Event: 0.871 Loading class java/lang/foreign/MemorySegment
Event: 0.871 Loading class java/lang/foreign/MemorySegment done
Event: 0.884 Loading class java/nio/InvalidMarkException
Event: 0.884 Loading class java/nio/InvalidMarkException done
Event: 0.884 Loading class java/nio/BufferUnderflowException
Event: 0.884 Loading class java/nio/BufferUnderflowException done
Event: 0.887 Loading class java/lang/IndexOutOfBoundsException
Event: 0.887 Loading class java/lang/IndexOutOfBoundsException done

Classes unloaded (0 events):
No events

Classes redefined (0 events):
No events

Internal exceptions (17 events):
Event: 0.767 Thread 0x000002185b459e90 Exception <a 'java/lang/NoSuchMethodError'{0x0000000713362638}: 'void java.lang.invoke.DirectMethodHandle$Holder.invokeStatic(java.lang.Object, java.lang.Object)'> (0x0000000713362638) 
thrown [s\open\src\hotspot\share\interpreter\linkResolver.cpp, line 773]
Event: 0.769 Thread 0x000002185b459e90 Exception <a 'java/lang/NoSuchMethodError'{0x0000000713367ba8}: 'void java.lang.System.load(java.lang.String, java.lang.Class)'> (0x0000000713367ba8) 
thrown [s\open\src\hotspot\share\interpreter\linkResolver.cpp, line 773]
Event: 0.770 Thread 0x000002185b459e90 Exception <a 'java/lang/NoSuchMethodError'{0x0000000713368798}: 'void java.lang.invoke.DirectMethodHandle$Holder.invokeSpecial(java.lang.Object, java.lang.Object, java.lang.Object)'> (0x0000000713368798) 
thrown [s\open\src\hotspot\share\interpreter\linkResolver.cpp, line 773]
Event: 0.774 Thread 0x000002185b459e90 Exception <a 'java/lang/NoSuchMethodError'{0x000000071337ac58}: 'java.lang.Object java.lang.invoke.DirectMethodHandle$Holder.invokeStatic(java.lang.Object, java.lang.Object, int)'> (0x000000071337ac58) 
thrown [s\open\src\hotspot\share\interpreter\linkResolver.cpp, line 773]
Event: 0.776 Thread 0x000002185b459e90 Exception <a 'java/lang/NoSuchMethodError'{0x0000000713386158}: 'void java.lang.invoke.DelegatingMethodHandle$Holder.delegate(java.lang.Object, java.lang.Object, int, java.lang.Object)'> (0x0000000713386158) 
thrown [s\open\src\hotspot\share\interpreter\linkResolver.cpp, line 773]
Event: 0.777 Thread 0x000002185b459e90 Exception <a 'java/lang/NoSuchMethodError'{0x000000071338a040}: 'int java.lang.invoke.DirectMethodHandle$Holder.invokeSpecial(java.lang.Object, java.lang.Object, java.lang.Object)'> (0x000000071338a040) 
thrown [s\open\src\hotspot\share\interpreter\linkResolver.cpp, line 773]
Event: 0.783 Thread 0x000002185b459e90 Exception <a 'java/lang/NoSuchMethodError'{0x00000007133a4a90}: 'void java.lang.System.loadLibrary(java.lang.String, java.lang.Class)'> (0x00000007133a4a90) 
thrown [s\open\src\hotspot\share\interpreter\linkResolver.cpp, line 773]
Event: 0.832 Thread 0x000002185b459e90 Exception <a 'sun/nio/fs/WindowsException'{0x00000007133e8678}> (0x00000007133e8678) 
thrown [s\open\src\hotspot\share\prims\jni.cpp, line 519]
Event: 0.832 Thread 0x000002185b459e90 Exception <a 'sun/nio/fs/WindowsException'{0x00000007133e8bb8}> (0x00000007133e8bb8) 
thrown [s\open\src\hotspot\share\prims\jni.cpp, line 519]
Event: 0.848 Thread 0x000002185b459e90 Exception <a 'sun/nio/fs/WindowsException'{0x00000007133ffb38}> (0x00000007133ffb38) 
thrown [s\open\src\hotspot\share\prims\jni.cpp, line 519]
Event: 0.848 Thread 0x000002185b459e90 Exception <a 'sun/nio/fs/WindowsException'{0x00000007130000f8}> (0x00000007130000f8) 
thrown [s\open\src\hotspot\share\prims\jni.cpp, line 519]
Event: 0.869 Thread 0x000002185b459e90 Exception <a 'java/lang/NoSuchMethodError'{0x000000071304b158}: 'int java.lang.invoke.DirectMethodHandle$Holder.invokeStaticInit(java.lang.Object, java.lang.Object, int, long)'> (0x000000071304b158) 
thrown [s\open\src\hotspot\share\interpreter\linkResolver.cpp, line 773]
Event: 0.870 Thread 0x000002185b459e90 Exception <a 'java/lang/NoSuchMethodError'{0x0000000713050758}: 'java.lang.Object java.lang.invoke.DirectMethodHandle$Holder.newInvokeSpecial(java.lang.Object, java.lang.Object, int)'> (0x0000000713050758) 
thrown [s\open\src\hotspot\share\interpreter\linkResolver.cpp, line 773]
Event: 0.874 Thread 0x000002185b459e90 Exception <a 'java/lang/NoSuchMethodError'{0x000000071305ead8}: 'int java.lang.invoke.DirectMethodHandle$Holder.invokeStaticInit(java.lang.Object, java.lang.Object, long, long)'> (0x000000071305ead8) 
thrown [s\open\src\hotspot\share\interpreter\linkResolver.cpp, line 773]
Event: 0.875 Thread 0x000002185b459e90 Exception <a 'java/lang/NoSuchMethodError'{0x0000000713064920}: 'java.lang.Object java.lang.invoke.DirectMethodHandle$Holder.newInvokeSpecial(java.lang.Object, java.lang.Object, long)'> (0x0000000713064920) 
thrown [s\open\src\hotspot\share\interpreter\linkResolver.cpp, line 773]
Event: 0.877 Thread 0x000002185b459e90 Exception <a 'java/lang/NoSuchMethodError'{0x00000007130686d8}: 'java.lang.Object java.lang.invoke.Invokers$Holder.linkToTargetMethod(java.lang.Object, long, java.lang.Object)'> (0x00000007130686d8) 
thrown [s\open\src\hotspot\share\interpreter\linkResolver.cpp, line 773]
Event: 0.879 Thread 0x000002185b459e90 Exception <a 'java/lang/NoSuchMethodError'{0x000000071306f748}: 'int java.lang.invoke.DirectMethodHandle$Holder.invokeStaticInit(java.lang.Object, java.lang.Object, java.lang.Object, long)'> (0x000000071306f748) 
thrown [s\open\src\hotspot\share\interpreter\linkResolver.cpp, line 773]

VM Operations (2 events):
Event: 0.677 Executing VM operation: HandshakeAllThreads
Event: 0.677 Executing VM operation: HandshakeAllThreads done

Events (14 events):
Event: 0.025 Thread 0x000002185b459e90 Thread added: 0x000002185b459e90
Event: 0.039 Thread 0x000002187a9806a0 Thread added: 0x000002187a9806a0
Event: 0.039 Thread 0x000002187a981470 Thread added: 0x000002187a981470
Event: 0.039 Thread 0x000002187a986720 Thread added: 0x000002187a986720
Event: 0.040 Thread 0x000002187a987910 Thread added: 0x000002187a987910
Event: 0.040 Thread 0x000002187a98b630 Thread added: 0x000002187a98b630
Event: 0.040 Thread 0x000002187a98d070 Thread added: 0x000002187a98d070
Event: 0.040 Thread 0x000002187a995de0 Thread added: 0x000002187a995de0
Event: 0.040 Thread 0x000002187a9baee0 Thread added: 0x000002187a9baee0
Event: 0.085 Thread 0x000002187ed28280 Thread added: 0x000002187ed28280
Event: 0.085 Thread 0x000002187ed46690 Thread added: 0x000002187ed46690
Event: 0.085 Thread 0x000002187ed48c00 Thread added: 0x000002187ed48c00
Event: 0.634 Thread 0x000002187ed521d0 Thread added: 0x000002187ed521d0
Event: 0.650 Thread 0x000002187ed53b70 Thread added: 0x000002187ed53b70


Dynamic libraries:
0x00007ff793020000 - 0x00007ff79302e000 	C:\Users\Tony W\.jdks\openjdk-20\bin\java.exe
0x00007ff9a2b90000 - 0x00007ff9a2da4000 	C:\WINDOWS\SYSTEM32\ntdll.dll
0x00007ff9a1a00000 - 0x00007ff9a1ac2000 	C:\WINDOWS\System32\KERNEL32.DLL
0x00007ff9a0350000 - 0x00007ff9a06f3000 	C:\WINDOWS\System32\KERNELBASE.dll
0x00007ff9a00f0000 - 0x00007ff9a0201000 	C:\WINDOWS\System32\ucrtbase.dll
0x00007ff98b9d0000 - 0x00007ff98b9eb000 	C:\Users\Tony W\.jdks\openjdk-20\bin\VCRUNTIME140.dll
0x00007ff98b9f0000 - 0x00007ff98ba07000 	C:\Users\Tony W\.jdks\openjdk-20\bin\jli.dll
0x00007ff9a1350000 - 0x00007ff9a14fb000 	C:\WINDOWS\System32\USER32.dll
0x00007ff98ec80000 - 0x00007ff98ef0e000 	C:\WINDOWS\WinSxS\amd64_microsoft.windows.common-controls_6595b64144ccf1df_6.0.22621.1635_none_270f70857386168e\COMCTL32.dll
0x00007ff9a00c0000 - 0x00007ff9a00e6000 	C:\WINDOWS\System32\win32u.dll
0x00007ff9a1ad0000 - 0x00007ff9a1b77000 	C:\WINDOWS\System32\msvcrt.dll
0x00007ff9a29a0000 - 0x00007ff9a29c9000 	C:\WINDOWS\System32\GDI32.dll
0x00007ff9a0700000 - 0x00007ff9a0818000 	C:\WINDOWS\System32\gdi32full.dll
0x00007ff9a0020000 - 0x00007ff9a00ba000 	C:\WINDOWS\System32\msvcp_win.dll
0x00007ff9a19c0000 - 0x00007ff9a19f1000 	C:\WINDOWS\System32\IMM32.DLL
0x00007ff98f110000 - 0x00007ff98f11c000 	C:\Users\Tony W\.jdks\openjdk-20\bin\vcruntime140_1.dll
0x00007ff97c100000 - 0x00007ff97c18e000 	C:\Users\Tony W\.jdks\openjdk-20\bin\msvcp140.dll
0x00007ff90e4b0000 - 0x00007ff90f147000 	C:\Users\Tony W\.jdks\openjdk-20\bin\server\jvm.dll
0x00007ff9a2870000 - 0x00007ff9a291e000 	C:\WINDOWS\System32\ADVAPI32.dll
0x00007ff9a2a60000 - 0x00007ff9a2b04000 	C:\WINDOWS\System32\sechost.dll
0x00007ff9a0f70000 - 0x00007ff9a1087000 	C:\WINDOWS\System32\RPCRT4.dll
0x00007ff98d870000 - 0x00007ff98d879000 	C:\WINDOWS\SYSTEM32\WSOCK32.dll
0x00007ff997ca0000 - 0x00007ff997cd4000 	C:\WINDOWS\SYSTEM32\WINMM.dll
0x00007ff995620000 - 0x00007ff99562a000 	C:\WINDOWS\SYSTEM32\VERSION.dll
0x00007ff9a2920000 - 0x00007ff9a2991000 	C:\WINDOWS\System32\WS2_32.dll
0x00007ff99f0f0000 - 0x00007ff99f108000 	C:\WINDOWS\SYSTEM32\kernel.appcore.dll
0x00007ff98d690000 - 0x00007ff98d69a000 	C:\Users\Tony W\.jdks\openjdk-20\bin\jimage.dll
0x00007ff99d290000 - 0x00007ff99d4be000 	C:\WINDOWS\SYSTEM32\DBGHELP.DLL
0x00007ff9a0b80000 - 0x00007ff9a0f09000 	C:\WINDOWS\System32\combase.dll
0x00007ff9a1580000 - 0x00007ff9a1657000 	C:\WINDOWS\System32\OLEAUT32.dll
0x00007ff981d60000 - 0x00007ff981d92000 	C:\WINDOWS\SYSTEM32\dbgcore.DLL
0x00007ff9a02d0000 - 0x00007ff9a034b000 	C:\WINDOWS\System32\bcryptPrimitives.dll
0x00007ff98dbc0000 - 0x00007ff98dbfc000 	C:\Users\Tony W\.jdks\openjdk-20\bin\jdwp.dll
0x00007ff98b920000 - 0x00007ff98b946000 	C:\Users\Tony W\.jdks\openjdk-20\bin\java.dll
0x00007ff96cdd0000 - 0x00007ff96cea7000 	C:\Users\Tony W\.jdks\openjdk-20\bin\jsvml.dll
0x00007ff9a2010000 - 0x00007ff9a280a000 	C:\WINDOWS\System32\SHELL32.dll
0x00007ff99dfc0000 - 0x00007ff99e88e000 	C:\WINDOWS\SYSTEM32\windows.storage.dll
0x00007ff99de80000 - 0x00007ff99dfbe000 	C:\WINDOWS\SYSTEM32\wintypes.dll
0x00007ff9a1660000 - 0x00007ff9a1751000 	C:\WINDOWS\System32\SHCORE.dll
0x00007ff9a2810000 - 0x00007ff9a286e000 	C:\WINDOWS\System32\shlwapi.dll
0x00007ff99fee0000 - 0x00007ff99ff01000 	C:\WINDOWS\SYSTEM32\profapi.dll
0x00007ff99b520000 - 0x00007ff99b52c000 	C:\Users\Tony W\.jdks\openjdk-20\bin\dt_socket.dll
0x00007ff99eba0000 - 0x00007ff99ebcd000 	C:\WINDOWS\SYSTEM32\IPHLPAPI.DLL
0x00007ff99f560000 - 0x00007ff99f5c9000 	C:\WINDOWS\system32\mswsock.dll
0x00007ff98b400000 - 0x00007ff98b413000 	C:\Users\Tony W\.jdks\openjdk-20\bin\net.dll
0x00007ff999e70000 - 0x00007ff999fa7000 	C:\WINDOWS\SYSTEM32\WINHTTP.dll
0x00007ff98b3e0000 - 0x00007ff98b3f6000 	C:\Users\Tony W\.jdks\openjdk-20\bin\nio.dll
0x00007ff98a070000 - 0x00007ff98a088000 	C:\Users\Tony W\.jdks\openjdk-20\bin\zip.dll
0x00007ff98d6e0000 - 0x00007ff98d755000 	C:\Users\Tony W\AppData\Local\Temp\lwjglTony W\3.3.1-build-7\lwjgl.dll
0x00007ff98d160000 - 0x00007ff98d1c1000 	C:\Users\Tony W\AppData\Local\Temp\lwjglTony W\3.3.1-build-7\glfw.dll

dbghelp: loaded successfully - version: 4.0.5 - missing functions: none
symbol engine: initialized successfully - sym options: 0x614 - pdb path: .;C:\Users\Tony W\.jdks\openjdk-20\bin;C:\WINDOWS\SYSTEM32;C:\WINDOWS\WinSxS\amd64_microsoft.windows.common-controls_6595b64144ccf1df_6.0.22621.1635_none_270f70857386168e;C:\Users\Tony W\.jdks\openjdk-20\bin\server;C:\Users\Tony W\AppData\Local\Temp\lwjglTony W\3.3.1-build-7

VM Arguments:
jvm_args: -agentlib:jdwp=transport=dt_socket,address=127.0.0.1:62083,suspend=y,server=n -Dfile.encoding=UTF-8 -Dsun.stdout.encoding=UTF-8 -Dsun.stderr.encoding=UTF-8 
java_command: javaTetris
java_class_path (initial): G:\My Drive\important\myCode\github\javaTetris\target\classes;C:\Users\Tony W\.m2\repository\org\lwjgl\lwjgl\3.3.1\lwjgl-3.3.1.jar;C:\Users\Tony W\.m2\repository\org\lwjgl\lwjgl-assimp\3.3.1\lwjgl-assimp-3.3.1.jar;C:\Users\Tony W\.m2\repository\org\lwjgl\lwjgl-glfw\3.3.1\lwjgl-glfw-3.3.1.jar;C:\Users\Tony W\.m2\repository\org\lwjgl\lwjgl-openal\3.3.1\lwjgl-openal-3.3.1.jar;C:\Users\Tony W\.m2\repository\org\lwjgl\lwjgl-opengl\3.3.1\lwjgl-opengl-3.3.1.jar;C:\Users\Tony W\.m2\repository\org\lwjgl\lwjgl-stb\3.3.1\lwjgl-stb-3.3.1.jar;C:\Users\Tony W\.m2\repository\org\lwjgl\lwjgl\3.3.1\lwjgl-3.3.1-natives-windows.jar;C:\Users\Tony W\.m2\repository\org\lwjgl\lwjgl-assimp\3.3.1\lwjgl-assimp-3.3.1-natives-windows.jar;C:\Users\Tony W\.m2\repository\org\lwjgl\lwjgl-glfw\3.3.1\lwjgl-glfw-3.3.1-natives-windows.jar;C:\Users\Tony W\.m2\repository\org\lwjgl\lwjgl-openal\3.3.1\lwjgl-openal-3.3.1-natives-windows.jar;C:\Users\Tony W\.m2\repository\org\lwjgl\lwjgl-opengl\3.3.1\lwjgl-opengl-3.3.1-natives-windows.jar;C:\Users\Tony W\.m2\repository\org\lwjgl\lwjgl-stb\3.3.1\lwjgl-stb-3.3.1-natives-windows.jar;C:\Users\Tony W\.m2\repository\io\github\eleanor-em\bagel\1.9.3\bagel-1.9.3.jar;C:\Program Files\JetBrains\IntelliJ IDEA Community Edition 2022.3.3\lib\idea_rt.jar
Launcher Type: SUN_STANDARD

[Global flags]
     intx CICompilerCount                          = 4                                         {product} {ergonomic}
     uint ConcGCThreads                            = 2                                         {product} {ergonomic}
     uint G1ConcRefinementThreads                  = 8                                         {product} {ergonomic}
   size_t G1HeapRegionSize                         = 2097152                                   {product} {ergonomic}
    uintx GCDrainStackTargetSize                   = 64                                        {product} {ergonomic}
   size_t InitialHeapSize                          = 266338304                                 {product} {ergonomic}
   size_t MarkStackSize                            = 4194304                                   {product} {ergonomic}
   size_t MaxHeapSize                              = 4236247040                                {product} {ergonomic}
   size_t MaxNewSize                               = 2541748224                                {product} {ergonomic}
   size_t MinHeapDeltaBytes                        = 2097152                                   {product} {ergonomic}
   size_t MinHeapSize                              = 8388608                                   {product} {ergonomic}
    uintx NonNMethodCodeHeapSize                   = 5839372                                {pd product} {ergonomic}
    uintx NonProfiledCodeHeapSize                  = 122909434                              {pd product} {ergonomic}
    uintx ProfiledCodeHeapSize                     = 122909434                              {pd product} {ergonomic}
    uintx ReservedCodeCacheSize                    = 251658240                              {pd product} {ergonomic}
     bool SegmentedCodeCache                       = true                                      {product} {ergonomic}
   size_t SoftMaxHeapSize                          = 4236247040                             {manageable} {ergonomic}
     bool UseCompressedClassPointers               = true                           {product lp64_product} {ergonomic}
     bool UseCompressedOops                        = true                           {product lp64_product} {ergonomic}
     bool UseG1GC                                  = true                                      {product} {ergonomic}
     bool UseLargePagesIndividualAllocation        = false                                  {pd product} {ergonomic}

Logging:
Log output configuration:
 #0: stdout all=warning uptime,level,tags foldmultilines=false
 #1: stderr all=off uptime,level,tags foldmultilines=false

Environment Variables:
PATH=C:\Program Files (x86)\Common Files\Oracle\Java\javapath;C:\Windows\system32;C:\Windows;C:\Windows\System32\Wbem;C:\Windows\System32\WindowsPowerShell\v1.0\;C:\Windows\System32\OpenSSH\;C:\Program Files\dotnet\;C:\Program Files\Microsoft SQL Server\130\Tools\Binn\;C:\Program Files\Mullvad VPN\resources;C:\Program Files (x86)\NVIDIA Corporation\PhysX\Common;C:\Program Files\NVIDIA Corporation\NVIDIA NvDLISR;C:\Program Files\MATLAB\R2022a\bin;C:\Program Files\nodejs\;C:\WINDOWS\system32;C:\WINDOWS;C:\WINDOWS\System32\Wbem;C:\WINDOWS\System32\WindowsPowerShell\v1.0\;C:\WINDOWS\System32\OpenSSH\;C:\Program Files\Git\cmd;C:\Users\Tony W\AppData\Local\Microsoft\WindowsApps;C:\Users\Tony W\.dotnet\tools;C:\Users\Tony W\AppData\Local\Programs\Microsoft VS Code\bin;C:\Users\Tony W\AppData\Roaming\npm;C:\Users\Tony W\AppData\Local\GitHubDesktop\bin
USERNAME=Tony W
OS=Windows_NT
PROCESSOR_IDENTIFIER=Intel64 Family 6 Model 126 Stepping 5, GenuineIntel
TMP=C:\Users\Tony W\AppData\Local\Temp
TEMP=C:\Users\Tony W\AppData\Local\Temp




---------------  S Y S T E M  ---------------

OS:
 Windows 11 , 64 bit Build 22621 (10.0.22621.1635)
OS uptime: 2 days 3:50 hours

CPU: total 8 (initial active 8) (4 cores per cpu, 2 threads per core) family 6 model 126 stepping 5 microcode 0xa6, cx8, cmov, fxsr, ht, mmx, 3dnowpref, sse, sse2, sse3, ssse3, sse4.1, sse4.2, popcnt, lzcnt, tsc, tscinvbit, avx, avx2, aes, erms, clmul, bmi1, bmi2, adx, avx512f, avx512dq, avx512cd, avx512bw, avx512vl, sha, fma, vzeroupper, avx512_vpopcntdq, avx512_vpclmulqdq, avx512_vaes, avx512_vnni, clflush, clflushopt, avx512_vbmi2, avx512_vbmi, rdtscp, rdpid, fsrm, gfni, avx512_bitalg, f16c, pku, avx512_ifma

Memory: 4k page, system-wide physical 16153M (5741M free)
TotalPageFile size 17200M (AvailPageFile size 3231M)
current process WorkingSet (physical memory assigned to process): 41M, peak: 41M
current process commit charge ("private bytes"): 343M, peak: 343M

vm_info: OpenJDK 64-Bit Server VM (20+36-2344) for windows-amd64 JRE (20+36-2344), built on 2023-02-10T19:30:15Z by "mach5one" with MS VC++ 17.1 (VS2022)

END.
